ARM GAS  /tmp/ccwAbgu5.s 			page 1


   1              		.cpu cortex-m4
   2              		.eabi_attribute 27, 1
   3              		.eabi_attribute 28, 1
   4              		.eabi_attribute 20, 1
   5              		.eabi_attribute 21, 1
   6              		.eabi_attribute 23, 3
   7              		.eabi_attribute 24, 1
   8              		.eabi_attribute 25, 1
   9              		.eabi_attribute 26, 1
  10              		.eabi_attribute 30, 6
  11              		.eabi_attribute 34, 1
  12              		.eabi_attribute 18, 4
  13              		.file	"stm32f3xx_hal_gpio.c"
  14              		.text
  15              	.Ltext0:
  16              		.cfi_sections	.debug_frame
  17              		.section	.text.HAL_GPIO_Init,"ax",%progbits
  18              		.align	1
  19              		.global	HAL_GPIO_Init
  20              		.syntax unified
  21              		.thumb
  22              		.thumb_func
  23              		.fpu fpv4-sp-d16
  25              	HAL_GPIO_Init:
  26              	.LFB130:
  27              		.file 1 "Drivers/STM32F3xx_HAL_Driver/Src/stm32f3xx_hal_gpio.c"
   1:Drivers/STM32F3xx_HAL_Driver/Src/stm32f3xx_hal_gpio.c **** /**
   2:Drivers/STM32F3xx_HAL_Driver/Src/stm32f3xx_hal_gpio.c ****   ******************************************************************************
   3:Drivers/STM32F3xx_HAL_Driver/Src/stm32f3xx_hal_gpio.c ****   * @file    stm32f3xx_hal_gpio.c
   4:Drivers/STM32F3xx_HAL_Driver/Src/stm32f3xx_hal_gpio.c ****   * @author  MCD Application Team
   5:Drivers/STM32F3xx_HAL_Driver/Src/stm32f3xx_hal_gpio.c ****   * @brief   GPIO HAL module driver.
   6:Drivers/STM32F3xx_HAL_Driver/Src/stm32f3xx_hal_gpio.c ****   *          This file provides firmware functions to manage the following
   7:Drivers/STM32F3xx_HAL_Driver/Src/stm32f3xx_hal_gpio.c ****   *          functionalities of the General Purpose Input/Output (GPIO) peripheral:
   8:Drivers/STM32F3xx_HAL_Driver/Src/stm32f3xx_hal_gpio.c ****   *           + Initialization and de-initialization functions
   9:Drivers/STM32F3xx_HAL_Driver/Src/stm32f3xx_hal_gpio.c ****   *           + IO operation functions
  10:Drivers/STM32F3xx_HAL_Driver/Src/stm32f3xx_hal_gpio.c ****   *
  11:Drivers/STM32F3xx_HAL_Driver/Src/stm32f3xx_hal_gpio.c ****   @verbatim
  12:Drivers/STM32F3xx_HAL_Driver/Src/stm32f3xx_hal_gpio.c ****   ==============================================================================
  13:Drivers/STM32F3xx_HAL_Driver/Src/stm32f3xx_hal_gpio.c ****                     ##### GPIO Peripheral features #####
  14:Drivers/STM32F3xx_HAL_Driver/Src/stm32f3xx_hal_gpio.c ****   ==============================================================================
  15:Drivers/STM32F3xx_HAL_Driver/Src/stm32f3xx_hal_gpio.c ****   [..]
  16:Drivers/STM32F3xx_HAL_Driver/Src/stm32f3xx_hal_gpio.c ****     (+) Each port bit of the general-purpose I/O (GPIO) ports can be individually
  17:Drivers/STM32F3xx_HAL_Driver/Src/stm32f3xx_hal_gpio.c ****         configured by software in several modes:
  18:Drivers/STM32F3xx_HAL_Driver/Src/stm32f3xx_hal_gpio.c ****         (++) Input mode
  19:Drivers/STM32F3xx_HAL_Driver/Src/stm32f3xx_hal_gpio.c ****         (++) Analog mode
  20:Drivers/STM32F3xx_HAL_Driver/Src/stm32f3xx_hal_gpio.c ****         (++) Output mode
  21:Drivers/STM32F3xx_HAL_Driver/Src/stm32f3xx_hal_gpio.c ****         (++) Alternate function mode
  22:Drivers/STM32F3xx_HAL_Driver/Src/stm32f3xx_hal_gpio.c ****         (++) External interrupt/event lines
  23:Drivers/STM32F3xx_HAL_Driver/Src/stm32f3xx_hal_gpio.c **** 
  24:Drivers/STM32F3xx_HAL_Driver/Src/stm32f3xx_hal_gpio.c ****     (+) During and just after reset, the alternate functions and external interrupt
  25:Drivers/STM32F3xx_HAL_Driver/Src/stm32f3xx_hal_gpio.c ****         lines are not active and the I/O ports are configured in input floating mode.
  26:Drivers/STM32F3xx_HAL_Driver/Src/stm32f3xx_hal_gpio.c **** 
  27:Drivers/STM32F3xx_HAL_Driver/Src/stm32f3xx_hal_gpio.c ****     (+) All GPIO pins have weak internal pull-up and pull-down resistors, which can be
  28:Drivers/STM32F3xx_HAL_Driver/Src/stm32f3xx_hal_gpio.c ****         activated or not.
  29:Drivers/STM32F3xx_HAL_Driver/Src/stm32f3xx_hal_gpio.c **** 
  30:Drivers/STM32F3xx_HAL_Driver/Src/stm32f3xx_hal_gpio.c ****     (+) In Output or Alternate mode, each IO can be configured on open-drain or push-pull
  31:Drivers/STM32F3xx_HAL_Driver/Src/stm32f3xx_hal_gpio.c ****         type and the IO speed can be selected depending on the VDD value.
ARM GAS  /tmp/ccwAbgu5.s 			page 2


  32:Drivers/STM32F3xx_HAL_Driver/Src/stm32f3xx_hal_gpio.c **** 
  33:Drivers/STM32F3xx_HAL_Driver/Src/stm32f3xx_hal_gpio.c ****     (+) The microcontroller IO pins are connected to onboard peripherals/modules through a
  34:Drivers/STM32F3xx_HAL_Driver/Src/stm32f3xx_hal_gpio.c ****         multiplexer that allows only one peripheral alternate function (AF) connected
  35:Drivers/STM32F3xx_HAL_Driver/Src/stm32f3xx_hal_gpio.c ****        to an IO pin at a time. In this way, there can be no conflict between peripherals
  36:Drivers/STM32F3xx_HAL_Driver/Src/stm32f3xx_hal_gpio.c ****        sharing the same IO pin.
  37:Drivers/STM32F3xx_HAL_Driver/Src/stm32f3xx_hal_gpio.c **** 
  38:Drivers/STM32F3xx_HAL_Driver/Src/stm32f3xx_hal_gpio.c ****     (+) All ports have external interrupt/event capability. To use external interrupt
  39:Drivers/STM32F3xx_HAL_Driver/Src/stm32f3xx_hal_gpio.c ****         lines, the port must be configured in input mode. All available GPIO pins are
  40:Drivers/STM32F3xx_HAL_Driver/Src/stm32f3xx_hal_gpio.c ****         connected to the 16 external interrupt/event lines from EXTI0 to EXTI15.
  41:Drivers/STM32F3xx_HAL_Driver/Src/stm32f3xx_hal_gpio.c **** 
  42:Drivers/STM32F3xx_HAL_Driver/Src/stm32f3xx_hal_gpio.c ****     (+) The external interrupt/event controller consists of up to 23 edge detectors
  43:Drivers/STM32F3xx_HAL_Driver/Src/stm32f3xx_hal_gpio.c ****         (16 lines are connected to GPIO) for generating event/interrupt requests (each
  44:Drivers/STM32F3xx_HAL_Driver/Src/stm32f3xx_hal_gpio.c ****         input line can be independently configured to select the type (interrupt or event)
  45:Drivers/STM32F3xx_HAL_Driver/Src/stm32f3xx_hal_gpio.c ****         and the corresponding trigger event (rising or falling or both). Each line can
  46:Drivers/STM32F3xx_HAL_Driver/Src/stm32f3xx_hal_gpio.c ****         also be masked independently.
  47:Drivers/STM32F3xx_HAL_Driver/Src/stm32f3xx_hal_gpio.c **** 
  48:Drivers/STM32F3xx_HAL_Driver/Src/stm32f3xx_hal_gpio.c ****                      ##### How to use this driver #####
  49:Drivers/STM32F3xx_HAL_Driver/Src/stm32f3xx_hal_gpio.c ****   ==============================================================================
  50:Drivers/STM32F3xx_HAL_Driver/Src/stm32f3xx_hal_gpio.c ****   [..]
  51:Drivers/STM32F3xx_HAL_Driver/Src/stm32f3xx_hal_gpio.c ****     (#) Enable the GPIO AHB clock using the following function: __HAL_RCC_GPIOx_CLK_ENABLE().
  52:Drivers/STM32F3xx_HAL_Driver/Src/stm32f3xx_hal_gpio.c **** 
  53:Drivers/STM32F3xx_HAL_Driver/Src/stm32f3xx_hal_gpio.c ****     (#) Configure the GPIO pin(s) using HAL_GPIO_Init().
  54:Drivers/STM32F3xx_HAL_Driver/Src/stm32f3xx_hal_gpio.c ****         (++) Configure the IO mode using "Mode" member from GPIO_InitTypeDef structure
  55:Drivers/STM32F3xx_HAL_Driver/Src/stm32f3xx_hal_gpio.c ****         (++) Activate Pull-up, Pull-down resistor using "Pull" member from GPIO_InitTypeDef
  56:Drivers/STM32F3xx_HAL_Driver/Src/stm32f3xx_hal_gpio.c ****              structure.
  57:Drivers/STM32F3xx_HAL_Driver/Src/stm32f3xx_hal_gpio.c ****         (++) In case of Output or alternate function mode selection: the speed is
  58:Drivers/STM32F3xx_HAL_Driver/Src/stm32f3xx_hal_gpio.c ****              configured through "Speed" member from GPIO_InitTypeDef structure.
  59:Drivers/STM32F3xx_HAL_Driver/Src/stm32f3xx_hal_gpio.c ****         (++) In alternate mode is selection, the alternate function connected to the IO
  60:Drivers/STM32F3xx_HAL_Driver/Src/stm32f3xx_hal_gpio.c ****              is configured through "Alternate" member from GPIO_InitTypeDef structure.
  61:Drivers/STM32F3xx_HAL_Driver/Src/stm32f3xx_hal_gpio.c ****         (++) Analog mode is required when a pin is to be used as ADC channel
  62:Drivers/STM32F3xx_HAL_Driver/Src/stm32f3xx_hal_gpio.c ****              or DAC output.
  63:Drivers/STM32F3xx_HAL_Driver/Src/stm32f3xx_hal_gpio.c ****         (++) In case of external interrupt/event selection the "Mode" member from
  64:Drivers/STM32F3xx_HAL_Driver/Src/stm32f3xx_hal_gpio.c ****              GPIO_InitTypeDef structure select the type (interrupt or event) and
  65:Drivers/STM32F3xx_HAL_Driver/Src/stm32f3xx_hal_gpio.c ****              the corresponding trigger event (rising or falling or both).
  66:Drivers/STM32F3xx_HAL_Driver/Src/stm32f3xx_hal_gpio.c **** 
  67:Drivers/STM32F3xx_HAL_Driver/Src/stm32f3xx_hal_gpio.c ****     (#) In case of external interrupt/event mode selection, configure NVIC IRQ priority
  68:Drivers/STM32F3xx_HAL_Driver/Src/stm32f3xx_hal_gpio.c ****         mapped to the EXTI line using HAL_NVIC_SetPriority() and enable it using
  69:Drivers/STM32F3xx_HAL_Driver/Src/stm32f3xx_hal_gpio.c ****         HAL_NVIC_EnableIRQ().
  70:Drivers/STM32F3xx_HAL_Driver/Src/stm32f3xx_hal_gpio.c **** 
  71:Drivers/STM32F3xx_HAL_Driver/Src/stm32f3xx_hal_gpio.c ****     (#) To get the level of a pin configured in input mode use HAL_GPIO_ReadPin().
  72:Drivers/STM32F3xx_HAL_Driver/Src/stm32f3xx_hal_gpio.c **** 
  73:Drivers/STM32F3xx_HAL_Driver/Src/stm32f3xx_hal_gpio.c ****     (#) To set/reset the level of a pin configured in output mode use
  74:Drivers/STM32F3xx_HAL_Driver/Src/stm32f3xx_hal_gpio.c ****         HAL_GPIO_WritePin()/HAL_GPIO_TogglePin().
  75:Drivers/STM32F3xx_HAL_Driver/Src/stm32f3xx_hal_gpio.c **** 
  76:Drivers/STM32F3xx_HAL_Driver/Src/stm32f3xx_hal_gpio.c ****    (#) To lock pin configuration until next reset use HAL_GPIO_LockPin().
  77:Drivers/STM32F3xx_HAL_Driver/Src/stm32f3xx_hal_gpio.c ****   
  78:Drivers/STM32F3xx_HAL_Driver/Src/stm32f3xx_hal_gpio.c ****     (#) During and just after reset, the alternate functions are not
  79:Drivers/STM32F3xx_HAL_Driver/Src/stm32f3xx_hal_gpio.c ****         active and the GPIO pins are configured in input floating mode (except JTAG
  80:Drivers/STM32F3xx_HAL_Driver/Src/stm32f3xx_hal_gpio.c ****         pins).
  81:Drivers/STM32F3xx_HAL_Driver/Src/stm32f3xx_hal_gpio.c **** 
  82:Drivers/STM32F3xx_HAL_Driver/Src/stm32f3xx_hal_gpio.c ****     (#) The LSE oscillator pins OSC32_IN and OSC32_OUT can be used as general purpose
  83:Drivers/STM32F3xx_HAL_Driver/Src/stm32f3xx_hal_gpio.c ****         (PC14 and PC15U, respectively) when the LSE oscillator is off. The LSE has
  84:Drivers/STM32F3xx_HAL_Driver/Src/stm32f3xx_hal_gpio.c ****         priority over the GPIO function.
  85:Drivers/STM32F3xx_HAL_Driver/Src/stm32f3xx_hal_gpio.c **** 
  86:Drivers/STM32F3xx_HAL_Driver/Src/stm32f3xx_hal_gpio.c ****     (#) The HSE oscillator pins OSC_IN/OSC_OUT can be used as
  87:Drivers/STM32F3xx_HAL_Driver/Src/stm32f3xx_hal_gpio.c ****         general purpose PF0 and PF1, respectively, when the HSE oscillator is off.
  88:Drivers/STM32F3xx_HAL_Driver/Src/stm32f3xx_hal_gpio.c ****         The HSE has priority over the GPIO function.
ARM GAS  /tmp/ccwAbgu5.s 			page 3


  89:Drivers/STM32F3xx_HAL_Driver/Src/stm32f3xx_hal_gpio.c **** 
  90:Drivers/STM32F3xx_HAL_Driver/Src/stm32f3xx_hal_gpio.c ****   @endverbatim
  91:Drivers/STM32F3xx_HAL_Driver/Src/stm32f3xx_hal_gpio.c ****   ******************************************************************************
  92:Drivers/STM32F3xx_HAL_Driver/Src/stm32f3xx_hal_gpio.c ****   * @attention
  93:Drivers/STM32F3xx_HAL_Driver/Src/stm32f3xx_hal_gpio.c ****   *
  94:Drivers/STM32F3xx_HAL_Driver/Src/stm32f3xx_hal_gpio.c ****   * <h2><center>&copy; Copyright (c) 2016 STMicroelectronics.
  95:Drivers/STM32F3xx_HAL_Driver/Src/stm32f3xx_hal_gpio.c ****   * All rights reserved.</center></h2>
  96:Drivers/STM32F3xx_HAL_Driver/Src/stm32f3xx_hal_gpio.c ****   *
  97:Drivers/STM32F3xx_HAL_Driver/Src/stm32f3xx_hal_gpio.c ****   * This software component is licensed by ST under BSD 3-Clause license,
  98:Drivers/STM32F3xx_HAL_Driver/Src/stm32f3xx_hal_gpio.c ****   * the "License"; You may not use this file except in compliance with the
  99:Drivers/STM32F3xx_HAL_Driver/Src/stm32f3xx_hal_gpio.c ****   * License. You may obtain a copy of the License at:
 100:Drivers/STM32F3xx_HAL_Driver/Src/stm32f3xx_hal_gpio.c ****   *                        opensource.org/licenses/BSD-3-Clause
 101:Drivers/STM32F3xx_HAL_Driver/Src/stm32f3xx_hal_gpio.c ****   *
 102:Drivers/STM32F3xx_HAL_Driver/Src/stm32f3xx_hal_gpio.c ****   ******************************************************************************
 103:Drivers/STM32F3xx_HAL_Driver/Src/stm32f3xx_hal_gpio.c ****   */
 104:Drivers/STM32F3xx_HAL_Driver/Src/stm32f3xx_hal_gpio.c **** 
 105:Drivers/STM32F3xx_HAL_Driver/Src/stm32f3xx_hal_gpio.c **** /* Includes ------------------------------------------------------------------*/
 106:Drivers/STM32F3xx_HAL_Driver/Src/stm32f3xx_hal_gpio.c **** #include "stm32f3xx_hal.h"
 107:Drivers/STM32F3xx_HAL_Driver/Src/stm32f3xx_hal_gpio.c **** 
 108:Drivers/STM32F3xx_HAL_Driver/Src/stm32f3xx_hal_gpio.c **** /** @addtogroup STM32F3xx_HAL_Driver
 109:Drivers/STM32F3xx_HAL_Driver/Src/stm32f3xx_hal_gpio.c ****   * @{
 110:Drivers/STM32F3xx_HAL_Driver/Src/stm32f3xx_hal_gpio.c ****   */
 111:Drivers/STM32F3xx_HAL_Driver/Src/stm32f3xx_hal_gpio.c **** 
 112:Drivers/STM32F3xx_HAL_Driver/Src/stm32f3xx_hal_gpio.c **** /** @defgroup GPIO GPIO
 113:Drivers/STM32F3xx_HAL_Driver/Src/stm32f3xx_hal_gpio.c ****   * @brief GPIO HAL module driver
 114:Drivers/STM32F3xx_HAL_Driver/Src/stm32f3xx_hal_gpio.c ****   * @{
 115:Drivers/STM32F3xx_HAL_Driver/Src/stm32f3xx_hal_gpio.c ****   */
 116:Drivers/STM32F3xx_HAL_Driver/Src/stm32f3xx_hal_gpio.c **** 
 117:Drivers/STM32F3xx_HAL_Driver/Src/stm32f3xx_hal_gpio.c **** /** MISRA C:2012 deviation rule has been granted for following rules:
 118:Drivers/STM32F3xx_HAL_Driver/Src/stm32f3xx_hal_gpio.c ****   * Rule-18.1_d - Medium: Array pointer `GPIOx' is accessed with index [..,..]
 119:Drivers/STM32F3xx_HAL_Driver/Src/stm32f3xx_hal_gpio.c ****   * which may be out of array bounds [..,UNKNOWN] in following APIs:
 120:Drivers/STM32F3xx_HAL_Driver/Src/stm32f3xx_hal_gpio.c ****   * HAL_GPIO_Init
 121:Drivers/STM32F3xx_HAL_Driver/Src/stm32f3xx_hal_gpio.c ****   * HAL_GPIO_DeInit
 122:Drivers/STM32F3xx_HAL_Driver/Src/stm32f3xx_hal_gpio.c ****   */
 123:Drivers/STM32F3xx_HAL_Driver/Src/stm32f3xx_hal_gpio.c **** 
 124:Drivers/STM32F3xx_HAL_Driver/Src/stm32f3xx_hal_gpio.c **** #ifdef HAL_GPIO_MODULE_ENABLED
 125:Drivers/STM32F3xx_HAL_Driver/Src/stm32f3xx_hal_gpio.c **** 
 126:Drivers/STM32F3xx_HAL_Driver/Src/stm32f3xx_hal_gpio.c **** /* Private typedef -----------------------------------------------------------*/
 127:Drivers/STM32F3xx_HAL_Driver/Src/stm32f3xx_hal_gpio.c **** /* Private defines -----------------------------------------------------------*/
 128:Drivers/STM32F3xx_HAL_Driver/Src/stm32f3xx_hal_gpio.c **** /** @defgroup GPIO_Private_Defines GPIO Private Defines
 129:Drivers/STM32F3xx_HAL_Driver/Src/stm32f3xx_hal_gpio.c ****   * @{
 130:Drivers/STM32F3xx_HAL_Driver/Src/stm32f3xx_hal_gpio.c ****   */
 131:Drivers/STM32F3xx_HAL_Driver/Src/stm32f3xx_hal_gpio.c **** #define GPIO_MODE             (0x00000003U)
 132:Drivers/STM32F3xx_HAL_Driver/Src/stm32f3xx_hal_gpio.c **** #define EXTI_MODE             (0x10000000U)
 133:Drivers/STM32F3xx_HAL_Driver/Src/stm32f3xx_hal_gpio.c **** #define GPIO_MODE_IT          (0x00010000U)
 134:Drivers/STM32F3xx_HAL_Driver/Src/stm32f3xx_hal_gpio.c **** #define GPIO_MODE_EVT         (0x00020000U)
 135:Drivers/STM32F3xx_HAL_Driver/Src/stm32f3xx_hal_gpio.c **** #define RISING_EDGE           (0x00100000U)
 136:Drivers/STM32F3xx_HAL_Driver/Src/stm32f3xx_hal_gpio.c **** #define FALLING_EDGE          (0x00200000U)
 137:Drivers/STM32F3xx_HAL_Driver/Src/stm32f3xx_hal_gpio.c **** #define GPIO_OUTPUT_TYPE      (0x00000010U)
 138:Drivers/STM32F3xx_HAL_Driver/Src/stm32f3xx_hal_gpio.c **** 
 139:Drivers/STM32F3xx_HAL_Driver/Src/stm32f3xx_hal_gpio.c **** #define GPIO_NUMBER           (16U)
 140:Drivers/STM32F3xx_HAL_Driver/Src/stm32f3xx_hal_gpio.c **** /**
 141:Drivers/STM32F3xx_HAL_Driver/Src/stm32f3xx_hal_gpio.c ****   * @}
 142:Drivers/STM32F3xx_HAL_Driver/Src/stm32f3xx_hal_gpio.c ****   */
 143:Drivers/STM32F3xx_HAL_Driver/Src/stm32f3xx_hal_gpio.c ****   
 144:Drivers/STM32F3xx_HAL_Driver/Src/stm32f3xx_hal_gpio.c **** /* Private macros ------------------------------------------------------------*/
 145:Drivers/STM32F3xx_HAL_Driver/Src/stm32f3xx_hal_gpio.c **** /* Private macros ------------------------------------------------------------*/
ARM GAS  /tmp/ccwAbgu5.s 			page 4


 146:Drivers/STM32F3xx_HAL_Driver/Src/stm32f3xx_hal_gpio.c **** /** @defgroup GPIO_Private_Macros GPIO Private Macros
 147:Drivers/STM32F3xx_HAL_Driver/Src/stm32f3xx_hal_gpio.c ****   * @{
 148:Drivers/STM32F3xx_HAL_Driver/Src/stm32f3xx_hal_gpio.c ****   */
 149:Drivers/STM32F3xx_HAL_Driver/Src/stm32f3xx_hal_gpio.c **** /**
 150:Drivers/STM32F3xx_HAL_Driver/Src/stm32f3xx_hal_gpio.c ****   * @}
 151:Drivers/STM32F3xx_HAL_Driver/Src/stm32f3xx_hal_gpio.c ****   */
 152:Drivers/STM32F3xx_HAL_Driver/Src/stm32f3xx_hal_gpio.c **** /* Private variables ---------------------------------------------------------*/
 153:Drivers/STM32F3xx_HAL_Driver/Src/stm32f3xx_hal_gpio.c **** /* Private function prototypes -----------------------------------------------*/
 154:Drivers/STM32F3xx_HAL_Driver/Src/stm32f3xx_hal_gpio.c **** /* Exported functions --------------------------------------------------------*/
 155:Drivers/STM32F3xx_HAL_Driver/Src/stm32f3xx_hal_gpio.c **** 
 156:Drivers/STM32F3xx_HAL_Driver/Src/stm32f3xx_hal_gpio.c **** /** @defgroup GPIO_Exported_Functions GPIO Exported Functions
 157:Drivers/STM32F3xx_HAL_Driver/Src/stm32f3xx_hal_gpio.c ****   * @{
 158:Drivers/STM32F3xx_HAL_Driver/Src/stm32f3xx_hal_gpio.c ****   */
 159:Drivers/STM32F3xx_HAL_Driver/Src/stm32f3xx_hal_gpio.c **** 
 160:Drivers/STM32F3xx_HAL_Driver/Src/stm32f3xx_hal_gpio.c **** /** @defgroup GPIO_Exported_Functions_Group1 Initialization/de-initialization functions 
 161:Drivers/STM32F3xx_HAL_Driver/Src/stm32f3xx_hal_gpio.c ****  *  @brief    Initialization and Configuration functions
 162:Drivers/STM32F3xx_HAL_Driver/Src/stm32f3xx_hal_gpio.c ****  *
 163:Drivers/STM32F3xx_HAL_Driver/Src/stm32f3xx_hal_gpio.c **** @verbatim
 164:Drivers/STM32F3xx_HAL_Driver/Src/stm32f3xx_hal_gpio.c ****  ===============================================================================
 165:Drivers/STM32F3xx_HAL_Driver/Src/stm32f3xx_hal_gpio.c ****               ##### Initialization and de-initialization functions #####
 166:Drivers/STM32F3xx_HAL_Driver/Src/stm32f3xx_hal_gpio.c ****  ===============================================================================
 167:Drivers/STM32F3xx_HAL_Driver/Src/stm32f3xx_hal_gpio.c **** 
 168:Drivers/STM32F3xx_HAL_Driver/Src/stm32f3xx_hal_gpio.c **** @endverbatim
 169:Drivers/STM32F3xx_HAL_Driver/Src/stm32f3xx_hal_gpio.c ****   * @{
 170:Drivers/STM32F3xx_HAL_Driver/Src/stm32f3xx_hal_gpio.c ****   */
 171:Drivers/STM32F3xx_HAL_Driver/Src/stm32f3xx_hal_gpio.c **** 
 172:Drivers/STM32F3xx_HAL_Driver/Src/stm32f3xx_hal_gpio.c **** /**
 173:Drivers/STM32F3xx_HAL_Driver/Src/stm32f3xx_hal_gpio.c ****   * @brief  Initialize the GPIOx peripheral according to the specified parameters in the GPIO_Init.
 174:Drivers/STM32F3xx_HAL_Driver/Src/stm32f3xx_hal_gpio.c ****   * @param  GPIOx where x can be (A..F) to select the GPIO peripheral for STM32F3 family devices
 175:Drivers/STM32F3xx_HAL_Driver/Src/stm32f3xx_hal_gpio.c ****   * @param  GPIO_Init pointer to a GPIO_InitTypeDef structure that contains
 176:Drivers/STM32F3xx_HAL_Driver/Src/stm32f3xx_hal_gpio.c ****   *         the configuration information for the specified GPIO peripheral.
 177:Drivers/STM32F3xx_HAL_Driver/Src/stm32f3xx_hal_gpio.c ****   * @retval None
 178:Drivers/STM32F3xx_HAL_Driver/Src/stm32f3xx_hal_gpio.c ****   */
 179:Drivers/STM32F3xx_HAL_Driver/Src/stm32f3xx_hal_gpio.c **** void HAL_GPIO_Init(GPIO_TypeDef  *GPIOx, GPIO_InitTypeDef *GPIO_Init)
 180:Drivers/STM32F3xx_HAL_Driver/Src/stm32f3xx_hal_gpio.c **** {
  28              		.loc 1 180 0
  29              		.cfi_startproc
  30              		@ args = 0, pretend = 0, frame = 24
  31              		@ frame_needed = 1, uses_anonymous_args = 0
  32              		@ link register save eliminated.
  33 0000 80B4     		push	{r7}
  34              	.LCFI0:
  35              		.cfi_def_cfa_offset 4
  36              		.cfi_offset 7, -4
  37 0002 87B0     		sub	sp, sp, #28
  38              	.LCFI1:
  39              		.cfi_def_cfa_offset 32
  40 0004 00AF     		add	r7, sp, #0
  41              	.LCFI2:
  42              		.cfi_def_cfa_register 7
  43 0006 7860     		str	r0, [r7, #4]
  44 0008 3960     		str	r1, [r7]
 181:Drivers/STM32F3xx_HAL_Driver/Src/stm32f3xx_hal_gpio.c ****   uint32_t position = 0x00u;
  45              		.loc 1 181 0
  46 000a 0023     		movs	r3, #0
  47 000c 7B61     		str	r3, [r7, #20]
 182:Drivers/STM32F3xx_HAL_Driver/Src/stm32f3xx_hal_gpio.c ****   uint32_t iocurrent;
ARM GAS  /tmp/ccwAbgu5.s 			page 5


 183:Drivers/STM32F3xx_HAL_Driver/Src/stm32f3xx_hal_gpio.c ****   uint32_t temp;
 184:Drivers/STM32F3xx_HAL_Driver/Src/stm32f3xx_hal_gpio.c **** 
 185:Drivers/STM32F3xx_HAL_Driver/Src/stm32f3xx_hal_gpio.c ****   /* Check the parameters */
 186:Drivers/STM32F3xx_HAL_Driver/Src/stm32f3xx_hal_gpio.c ****   assert_param(IS_GPIO_ALL_INSTANCE(GPIOx));
 187:Drivers/STM32F3xx_HAL_Driver/Src/stm32f3xx_hal_gpio.c ****   assert_param(IS_GPIO_PIN(GPIO_Init->Pin));
 188:Drivers/STM32F3xx_HAL_Driver/Src/stm32f3xx_hal_gpio.c ****   assert_param(IS_GPIO_MODE(GPIO_Init->Mode));
 189:Drivers/STM32F3xx_HAL_Driver/Src/stm32f3xx_hal_gpio.c ****   assert_param(IS_GPIO_PULL(GPIO_Init->Pull));
 190:Drivers/STM32F3xx_HAL_Driver/Src/stm32f3xx_hal_gpio.c **** 
 191:Drivers/STM32F3xx_HAL_Driver/Src/stm32f3xx_hal_gpio.c ****   /* Configure the port pins */
 192:Drivers/STM32F3xx_HAL_Driver/Src/stm32f3xx_hal_gpio.c ****   while (((GPIO_Init->Pin) >> position) != 0x00u)
  48              		.loc 1 192 0
  49 000e 60E1     		b	.L2
  50              	.L26:
 193:Drivers/STM32F3xx_HAL_Driver/Src/stm32f3xx_hal_gpio.c ****   {
 194:Drivers/STM32F3xx_HAL_Driver/Src/stm32f3xx_hal_gpio.c ****     /* Get current io position */
 195:Drivers/STM32F3xx_HAL_Driver/Src/stm32f3xx_hal_gpio.c ****     iocurrent = (GPIO_Init->Pin) & (1uL << position);
  51              		.loc 1 195 0
  52 0010 3B68     		ldr	r3, [r7]
  53 0012 1A68     		ldr	r2, [r3]
  54 0014 0121     		movs	r1, #1
  55 0016 7B69     		ldr	r3, [r7, #20]
  56 0018 01FA03F3 		lsl	r3, r1, r3
  57 001c 1340     		ands	r3, r3, r2
  58 001e FB60     		str	r3, [r7, #12]
 196:Drivers/STM32F3xx_HAL_Driver/Src/stm32f3xx_hal_gpio.c **** 
 197:Drivers/STM32F3xx_HAL_Driver/Src/stm32f3xx_hal_gpio.c ****     if (iocurrent != 0x00u)
  59              		.loc 1 197 0
  60 0020 FB68     		ldr	r3, [r7, #12]
  61 0022 002B     		cmp	r3, #0
  62 0024 00F05281 		beq	.L3
 198:Drivers/STM32F3xx_HAL_Driver/Src/stm32f3xx_hal_gpio.c ****     {
 199:Drivers/STM32F3xx_HAL_Driver/Src/stm32f3xx_hal_gpio.c ****       /*--------------------- GPIO Mode Configuration ------------------------*/
 200:Drivers/STM32F3xx_HAL_Driver/Src/stm32f3xx_hal_gpio.c ****       /* In case of Output or Alternate function mode selection */
 201:Drivers/STM32F3xx_HAL_Driver/Src/stm32f3xx_hal_gpio.c ****       if((GPIO_Init->Mode == GPIO_MODE_OUTPUT_PP) || (GPIO_Init->Mode == GPIO_MODE_AF_PP) ||
  63              		.loc 1 201 0
  64 0028 3B68     		ldr	r3, [r7]
  65 002a 5B68     		ldr	r3, [r3, #4]
  66 002c 012B     		cmp	r3, #1
  67 002e 0BD0     		beq	.L4
  68              		.loc 1 201 0 is_stmt 0 discriminator 1
  69 0030 3B68     		ldr	r3, [r7]
  70 0032 5B68     		ldr	r3, [r3, #4]
  71 0034 022B     		cmp	r3, #2
  72 0036 07D0     		beq	.L4
 202:Drivers/STM32F3xx_HAL_Driver/Src/stm32f3xx_hal_gpio.c ****          (GPIO_Init->Mode == GPIO_MODE_OUTPUT_OD) || (GPIO_Init->Mode == GPIO_MODE_AF_OD))
  73              		.loc 1 202 0 is_stmt 1 discriminator 2
  74 0038 3B68     		ldr	r3, [r7]
  75 003a 5B68     		ldr	r3, [r3, #4]
 201:Drivers/STM32F3xx_HAL_Driver/Src/stm32f3xx_hal_gpio.c ****          (GPIO_Init->Mode == GPIO_MODE_OUTPUT_OD) || (GPIO_Init->Mode == GPIO_MODE_AF_OD))
  76              		.loc 1 201 0 discriminator 2
  77 003c 112B     		cmp	r3, #17
  78 003e 03D0     		beq	.L4
  79              		.loc 1 202 0
  80 0040 3B68     		ldr	r3, [r7]
  81 0042 5B68     		ldr	r3, [r3, #4]
  82 0044 122B     		cmp	r3, #18
  83 0046 30D1     		bne	.L5
ARM GAS  /tmp/ccwAbgu5.s 			page 6


  84              	.L4:
 203:Drivers/STM32F3xx_HAL_Driver/Src/stm32f3xx_hal_gpio.c ****       {
 204:Drivers/STM32F3xx_HAL_Driver/Src/stm32f3xx_hal_gpio.c ****         /* Check the Speed parameter */
 205:Drivers/STM32F3xx_HAL_Driver/Src/stm32f3xx_hal_gpio.c ****         assert_param(IS_GPIO_SPEED(GPIO_Init->Speed));
 206:Drivers/STM32F3xx_HAL_Driver/Src/stm32f3xx_hal_gpio.c ****         /* Configure the IO Speed */
 207:Drivers/STM32F3xx_HAL_Driver/Src/stm32f3xx_hal_gpio.c ****         temp = GPIOx->OSPEEDR;
  85              		.loc 1 207 0
  86 0048 7B68     		ldr	r3, [r7, #4]
  87 004a 9B68     		ldr	r3, [r3, #8]
  88 004c 3B61     		str	r3, [r7, #16]
 208:Drivers/STM32F3xx_HAL_Driver/Src/stm32f3xx_hal_gpio.c ****         temp &= ~(GPIO_OSPEEDER_OSPEEDR0 << (position * 2u));
  89              		.loc 1 208 0
  90 004e 7B69     		ldr	r3, [r7, #20]
  91 0050 5B00     		lsls	r3, r3, #1
  92 0052 0322     		movs	r2, #3
  93 0054 02FA03F3 		lsl	r3, r2, r3
  94 0058 DB43     		mvns	r3, r3
  95 005a 3A69     		ldr	r2, [r7, #16]
  96 005c 1340     		ands	r3, r3, r2
  97 005e 3B61     		str	r3, [r7, #16]
 209:Drivers/STM32F3xx_HAL_Driver/Src/stm32f3xx_hal_gpio.c ****         temp |= (GPIO_Init->Speed << (position * 2u));
  98              		.loc 1 209 0
  99 0060 3B68     		ldr	r3, [r7]
 100 0062 DA68     		ldr	r2, [r3, #12]
 101 0064 7B69     		ldr	r3, [r7, #20]
 102 0066 5B00     		lsls	r3, r3, #1
 103 0068 02FA03F3 		lsl	r3, r2, r3
 104 006c 3A69     		ldr	r2, [r7, #16]
 105 006e 1343     		orrs	r3, r3, r2
 106 0070 3B61     		str	r3, [r7, #16]
 210:Drivers/STM32F3xx_HAL_Driver/Src/stm32f3xx_hal_gpio.c ****         GPIOx->OSPEEDR = temp;
 107              		.loc 1 210 0
 108 0072 7B68     		ldr	r3, [r7, #4]
 109 0074 3A69     		ldr	r2, [r7, #16]
 110 0076 9A60     		str	r2, [r3, #8]
 211:Drivers/STM32F3xx_HAL_Driver/Src/stm32f3xx_hal_gpio.c **** 
 212:Drivers/STM32F3xx_HAL_Driver/Src/stm32f3xx_hal_gpio.c ****         /* Configure the IO Output Type */
 213:Drivers/STM32F3xx_HAL_Driver/Src/stm32f3xx_hal_gpio.c ****         temp = GPIOx->OTYPER;
 111              		.loc 1 213 0
 112 0078 7B68     		ldr	r3, [r7, #4]
 113 007a 5B68     		ldr	r3, [r3, #4]
 114 007c 3B61     		str	r3, [r7, #16]
 214:Drivers/STM32F3xx_HAL_Driver/Src/stm32f3xx_hal_gpio.c ****         temp &= ~(GPIO_OTYPER_OT_0 << position) ;
 115              		.loc 1 214 0
 116 007e 0122     		movs	r2, #1
 117 0080 7B69     		ldr	r3, [r7, #20]
 118 0082 02FA03F3 		lsl	r3, r2, r3
 119 0086 DB43     		mvns	r3, r3
 120 0088 3A69     		ldr	r2, [r7, #16]
 121 008a 1340     		ands	r3, r3, r2
 122 008c 3B61     		str	r3, [r7, #16]
 215:Drivers/STM32F3xx_HAL_Driver/Src/stm32f3xx_hal_gpio.c ****         temp |= (((GPIO_Init->Mode & GPIO_OUTPUT_TYPE) >> 4u) << position);
 123              		.loc 1 215 0
 124 008e 3B68     		ldr	r3, [r7]
 125 0090 5B68     		ldr	r3, [r3, #4]
 126 0092 1B09     		lsrs	r3, r3, #4
 127 0094 03F00102 		and	r2, r3, #1
ARM GAS  /tmp/ccwAbgu5.s 			page 7


 128 0098 7B69     		ldr	r3, [r7, #20]
 129 009a 02FA03F3 		lsl	r3, r2, r3
 130 009e 3A69     		ldr	r2, [r7, #16]
 131 00a0 1343     		orrs	r3, r3, r2
 132 00a2 3B61     		str	r3, [r7, #16]
 216:Drivers/STM32F3xx_HAL_Driver/Src/stm32f3xx_hal_gpio.c ****         GPIOx->OTYPER = temp;
 133              		.loc 1 216 0
 134 00a4 7B68     		ldr	r3, [r7, #4]
 135 00a6 3A69     		ldr	r2, [r7, #16]
 136 00a8 5A60     		str	r2, [r3, #4]
 137              	.L5:
 217:Drivers/STM32F3xx_HAL_Driver/Src/stm32f3xx_hal_gpio.c ****       }
 218:Drivers/STM32F3xx_HAL_Driver/Src/stm32f3xx_hal_gpio.c **** 
 219:Drivers/STM32F3xx_HAL_Driver/Src/stm32f3xx_hal_gpio.c ****       /* Activate the Pull-up or Pull down resistor for the current IO */
 220:Drivers/STM32F3xx_HAL_Driver/Src/stm32f3xx_hal_gpio.c ****       temp = GPIOx->PUPDR;
 138              		.loc 1 220 0
 139 00aa 7B68     		ldr	r3, [r7, #4]
 140 00ac DB68     		ldr	r3, [r3, #12]
 141 00ae 3B61     		str	r3, [r7, #16]
 221:Drivers/STM32F3xx_HAL_Driver/Src/stm32f3xx_hal_gpio.c ****       temp &= ~(GPIO_PUPDR_PUPDR0 << (position * 2u));
 142              		.loc 1 221 0
 143 00b0 7B69     		ldr	r3, [r7, #20]
 144 00b2 5B00     		lsls	r3, r3, #1
 145 00b4 0322     		movs	r2, #3
 146 00b6 02FA03F3 		lsl	r3, r2, r3
 147 00ba DB43     		mvns	r3, r3
 148 00bc 3A69     		ldr	r2, [r7, #16]
 149 00be 1340     		ands	r3, r3, r2
 150 00c0 3B61     		str	r3, [r7, #16]
 222:Drivers/STM32F3xx_HAL_Driver/Src/stm32f3xx_hal_gpio.c ****       temp |= ((GPIO_Init->Pull) << (position * 2u));
 151              		.loc 1 222 0
 152 00c2 3B68     		ldr	r3, [r7]
 153 00c4 9A68     		ldr	r2, [r3, #8]
 154 00c6 7B69     		ldr	r3, [r7, #20]
 155 00c8 5B00     		lsls	r3, r3, #1
 156 00ca 02FA03F3 		lsl	r3, r2, r3
 157 00ce 3A69     		ldr	r2, [r7, #16]
 158 00d0 1343     		orrs	r3, r3, r2
 159 00d2 3B61     		str	r3, [r7, #16]
 223:Drivers/STM32F3xx_HAL_Driver/Src/stm32f3xx_hal_gpio.c ****       GPIOx->PUPDR = temp;
 160              		.loc 1 223 0
 161 00d4 7B68     		ldr	r3, [r7, #4]
 162 00d6 3A69     		ldr	r2, [r7, #16]
 163 00d8 DA60     		str	r2, [r3, #12]
 224:Drivers/STM32F3xx_HAL_Driver/Src/stm32f3xx_hal_gpio.c **** 
 225:Drivers/STM32F3xx_HAL_Driver/Src/stm32f3xx_hal_gpio.c ****       /* In case of Alternate function mode selection */
 226:Drivers/STM32F3xx_HAL_Driver/Src/stm32f3xx_hal_gpio.c ****       if((GPIO_Init->Mode == GPIO_MODE_AF_PP) || (GPIO_Init->Mode == GPIO_MODE_AF_OD))
 164              		.loc 1 226 0
 165 00da 3B68     		ldr	r3, [r7]
 166 00dc 5B68     		ldr	r3, [r3, #4]
 167 00de 022B     		cmp	r3, #2
 168 00e0 03D0     		beq	.L6
 169              		.loc 1 226 0 is_stmt 0 discriminator 1
 170 00e2 3B68     		ldr	r3, [r7]
 171 00e4 5B68     		ldr	r3, [r3, #4]
 172 00e6 122B     		cmp	r3, #18
 173 00e8 23D1     		bne	.L7
ARM GAS  /tmp/ccwAbgu5.s 			page 8


 174              	.L6:
 227:Drivers/STM32F3xx_HAL_Driver/Src/stm32f3xx_hal_gpio.c ****       {
 228:Drivers/STM32F3xx_HAL_Driver/Src/stm32f3xx_hal_gpio.c ****         /* Check the Alternate function parameters */
 229:Drivers/STM32F3xx_HAL_Driver/Src/stm32f3xx_hal_gpio.c ****         assert_param(IS_GPIO_AF_INSTANCE(GPIOx));
 230:Drivers/STM32F3xx_HAL_Driver/Src/stm32f3xx_hal_gpio.c ****         assert_param(IS_GPIO_AF(GPIO_Init->Alternate));
 231:Drivers/STM32F3xx_HAL_Driver/Src/stm32f3xx_hal_gpio.c **** 
 232:Drivers/STM32F3xx_HAL_Driver/Src/stm32f3xx_hal_gpio.c ****         /* Configure Alternate function mapped with the current IO */
 233:Drivers/STM32F3xx_HAL_Driver/Src/stm32f3xx_hal_gpio.c ****         temp = GPIOx->AFR[position >> 3u];
 175              		.loc 1 233 0 is_stmt 1
 176 00ea 7B69     		ldr	r3, [r7, #20]
 177 00ec DA08     		lsrs	r2, r3, #3
 178 00ee 7B68     		ldr	r3, [r7, #4]
 179 00f0 0832     		adds	r2, r2, #8
 180 00f2 53F82230 		ldr	r3, [r3, r2, lsl #2]
 181 00f6 3B61     		str	r3, [r7, #16]
 234:Drivers/STM32F3xx_HAL_Driver/Src/stm32f3xx_hal_gpio.c ****         temp &= ~(0xFu << ((position & 0x07u) * 4u));
 182              		.loc 1 234 0
 183 00f8 7B69     		ldr	r3, [r7, #20]
 184 00fa 03F00703 		and	r3, r3, #7
 185 00fe 9B00     		lsls	r3, r3, #2
 186 0100 0F22     		movs	r2, #15
 187 0102 02FA03F3 		lsl	r3, r2, r3
 188 0106 DB43     		mvns	r3, r3
 189 0108 3A69     		ldr	r2, [r7, #16]
 190 010a 1340     		ands	r3, r3, r2
 191 010c 3B61     		str	r3, [r7, #16]
 235:Drivers/STM32F3xx_HAL_Driver/Src/stm32f3xx_hal_gpio.c ****         temp |= ((GPIO_Init->Alternate) << ((position & 0x07u) * 4u));
 192              		.loc 1 235 0
 193 010e 3B68     		ldr	r3, [r7]
 194 0110 1A69     		ldr	r2, [r3, #16]
 195 0112 7B69     		ldr	r3, [r7, #20]
 196 0114 03F00703 		and	r3, r3, #7
 197 0118 9B00     		lsls	r3, r3, #2
 198 011a 02FA03F3 		lsl	r3, r2, r3
 199 011e 3A69     		ldr	r2, [r7, #16]
 200 0120 1343     		orrs	r3, r3, r2
 201 0122 3B61     		str	r3, [r7, #16]
 236:Drivers/STM32F3xx_HAL_Driver/Src/stm32f3xx_hal_gpio.c ****         GPIOx->AFR[position >> 3u] = temp;
 202              		.loc 1 236 0
 203 0124 7B69     		ldr	r3, [r7, #20]
 204 0126 DA08     		lsrs	r2, r3, #3
 205 0128 7B68     		ldr	r3, [r7, #4]
 206 012a 0832     		adds	r2, r2, #8
 207 012c 3969     		ldr	r1, [r7, #16]
 208 012e 43F82210 		str	r1, [r3, r2, lsl #2]
 209              	.L7:
 237:Drivers/STM32F3xx_HAL_Driver/Src/stm32f3xx_hal_gpio.c ****       }
 238:Drivers/STM32F3xx_HAL_Driver/Src/stm32f3xx_hal_gpio.c **** 
 239:Drivers/STM32F3xx_HAL_Driver/Src/stm32f3xx_hal_gpio.c ****       /* Configure IO Direction mode (Input, Output, Alternate or Analog) */
 240:Drivers/STM32F3xx_HAL_Driver/Src/stm32f3xx_hal_gpio.c ****       temp = GPIOx->MODER;
 210              		.loc 1 240 0
 211 0132 7B68     		ldr	r3, [r7, #4]
 212 0134 1B68     		ldr	r3, [r3]
 213 0136 3B61     		str	r3, [r7, #16]
 241:Drivers/STM32F3xx_HAL_Driver/Src/stm32f3xx_hal_gpio.c ****       temp &= ~(GPIO_MODER_MODER0 << (position * 2u));
 214              		.loc 1 241 0
 215 0138 7B69     		ldr	r3, [r7, #20]
ARM GAS  /tmp/ccwAbgu5.s 			page 9


 216 013a 5B00     		lsls	r3, r3, #1
 217 013c 0322     		movs	r2, #3
 218 013e 02FA03F3 		lsl	r3, r2, r3
 219 0142 DB43     		mvns	r3, r3
 220 0144 3A69     		ldr	r2, [r7, #16]
 221 0146 1340     		ands	r3, r3, r2
 222 0148 3B61     		str	r3, [r7, #16]
 242:Drivers/STM32F3xx_HAL_Driver/Src/stm32f3xx_hal_gpio.c ****       temp |= ((GPIO_Init->Mode & GPIO_MODE) << (position * 2u));
 223              		.loc 1 242 0
 224 014a 3B68     		ldr	r3, [r7]
 225 014c 5B68     		ldr	r3, [r3, #4]
 226 014e 03F00302 		and	r2, r3, #3
 227 0152 7B69     		ldr	r3, [r7, #20]
 228 0154 5B00     		lsls	r3, r3, #1
 229 0156 02FA03F3 		lsl	r3, r2, r3
 230 015a 3A69     		ldr	r2, [r7, #16]
 231 015c 1343     		orrs	r3, r3, r2
 232 015e 3B61     		str	r3, [r7, #16]
 243:Drivers/STM32F3xx_HAL_Driver/Src/stm32f3xx_hal_gpio.c ****       GPIOx->MODER = temp;
 233              		.loc 1 243 0
 234 0160 7B68     		ldr	r3, [r7, #4]
 235 0162 3A69     		ldr	r2, [r7, #16]
 236 0164 1A60     		str	r2, [r3]
 244:Drivers/STM32F3xx_HAL_Driver/Src/stm32f3xx_hal_gpio.c **** 
 245:Drivers/STM32F3xx_HAL_Driver/Src/stm32f3xx_hal_gpio.c ****       /*--------------------- EXTI Mode Configuration ------------------------*/
 246:Drivers/STM32F3xx_HAL_Driver/Src/stm32f3xx_hal_gpio.c ****       /* Configure the External Interrupt or event for the current IO */
 247:Drivers/STM32F3xx_HAL_Driver/Src/stm32f3xx_hal_gpio.c ****       if((GPIO_Init->Mode & EXTI_MODE) == EXTI_MODE)
 237              		.loc 1 247 0
 238 0166 3B68     		ldr	r3, [r7]
 239 0168 5B68     		ldr	r3, [r3, #4]
 240 016a 03F08053 		and	r3, r3, #268435456
 241 016e 002B     		cmp	r3, #0
 242 0170 00F0AC80 		beq	.L3
 243              	.LBB2:
 248:Drivers/STM32F3xx_HAL_Driver/Src/stm32f3xx_hal_gpio.c ****       {
 249:Drivers/STM32F3xx_HAL_Driver/Src/stm32f3xx_hal_gpio.c ****         /* Enable SYSCFG Clock */
 250:Drivers/STM32F3xx_HAL_Driver/Src/stm32f3xx_hal_gpio.c ****         __HAL_RCC_SYSCFG_CLK_ENABLE();
 244              		.loc 1 250 0
 245 0174 5E4B     		ldr	r3, .L27
 246 0176 9B69     		ldr	r3, [r3, #24]
 247 0178 5D4A     		ldr	r2, .L27
 248 017a 43F00103 		orr	r3, r3, #1
 249 017e 9361     		str	r3, [r2, #24]
 250 0180 5B4B     		ldr	r3, .L27
 251 0182 9B69     		ldr	r3, [r3, #24]
 252 0184 03F00103 		and	r3, r3, #1
 253 0188 BB60     		str	r3, [r7, #8]
 254 018a BB68     		ldr	r3, [r7, #8]
 255              	.LBE2:
 251:Drivers/STM32F3xx_HAL_Driver/Src/stm32f3xx_hal_gpio.c **** 
 252:Drivers/STM32F3xx_HAL_Driver/Src/stm32f3xx_hal_gpio.c ****         temp = SYSCFG->EXTICR[position >> 2u];
 256              		.loc 1 252 0
 257 018c 594A     		ldr	r2, .L27+4
 258 018e 7B69     		ldr	r3, [r7, #20]
 259 0190 9B08     		lsrs	r3, r3, #2
 260 0192 0233     		adds	r3, r3, #2
 261 0194 52F82330 		ldr	r3, [r2, r3, lsl #2]
ARM GAS  /tmp/ccwAbgu5.s 			page 10


 262 0198 3B61     		str	r3, [r7, #16]
 253:Drivers/STM32F3xx_HAL_Driver/Src/stm32f3xx_hal_gpio.c ****         temp &= ~(0x0FuL << (4u * (position & 0x03u)));
 263              		.loc 1 253 0
 264 019a 7B69     		ldr	r3, [r7, #20]
 265 019c 03F00303 		and	r3, r3, #3
 266 01a0 9B00     		lsls	r3, r3, #2
 267 01a2 0F22     		movs	r2, #15
 268 01a4 02FA03F3 		lsl	r3, r2, r3
 269 01a8 DB43     		mvns	r3, r3
 270 01aa 3A69     		ldr	r2, [r7, #16]
 271 01ac 1340     		ands	r3, r3, r2
 272 01ae 3B61     		str	r3, [r7, #16]
 254:Drivers/STM32F3xx_HAL_Driver/Src/stm32f3xx_hal_gpio.c ****         temp |= (GPIO_GET_INDEX(GPIOx) << (4u * (position & 0x03u)));
 273              		.loc 1 254 0
 274 01b0 7B68     		ldr	r3, [r7, #4]
 275 01b2 B3F1904F 		cmp	r3, #1207959552
 276 01b6 25D0     		beq	.L8
 277              		.loc 1 254 0 is_stmt 0 discriminator 1
 278 01b8 7B68     		ldr	r3, [r7, #4]
 279 01ba 4F4A     		ldr	r2, .L27+8
 280 01bc 9342     		cmp	r3, r2
 281 01be 1FD0     		beq	.L9
 282              		.loc 1 254 0 discriminator 3
 283 01c0 7B68     		ldr	r3, [r7, #4]
 284 01c2 4E4A     		ldr	r2, .L27+12
 285 01c4 9342     		cmp	r3, r2
 286 01c6 19D0     		beq	.L10
 287              		.loc 1 254 0 discriminator 5
 288 01c8 7B68     		ldr	r3, [r7, #4]
 289 01ca 4D4A     		ldr	r2, .L27+16
 290 01cc 9342     		cmp	r3, r2
 291 01ce 13D0     		beq	.L11
 292              		.loc 1 254 0 discriminator 7
 293 01d0 7B68     		ldr	r3, [r7, #4]
 294 01d2 4C4A     		ldr	r2, .L27+20
 295 01d4 9342     		cmp	r3, r2
 296 01d6 0DD0     		beq	.L12
 297              		.loc 1 254 0 discriminator 9
 298 01d8 7B68     		ldr	r3, [r7, #4]
 299 01da 4B4A     		ldr	r2, .L27+24
 300 01dc 9342     		cmp	r3, r2
 301 01de 07D0     		beq	.L13
 302              		.loc 1 254 0 discriminator 11
 303 01e0 7B68     		ldr	r3, [r7, #4]
 304 01e2 4A4A     		ldr	r2, .L27+28
 305 01e4 9342     		cmp	r3, r2
 306 01e6 01D1     		bne	.L14
 307              		.loc 1 254 0 discriminator 13
 308 01e8 0623     		movs	r3, #6
 309 01ea 0CE0     		b	.L21
 310              	.L14:
 311              		.loc 1 254 0 discriminator 14
 312 01ec 0723     		movs	r3, #7
 313 01ee 0AE0     		b	.L21
 314              	.L13:
 315              		.loc 1 254 0 discriminator 12
 316 01f0 0523     		movs	r3, #5
ARM GAS  /tmp/ccwAbgu5.s 			page 11


 317 01f2 08E0     		b	.L21
 318              	.L12:
 319              		.loc 1 254 0 discriminator 10
 320 01f4 0423     		movs	r3, #4
 321 01f6 06E0     		b	.L21
 322              	.L11:
 323              		.loc 1 254 0 discriminator 8
 324 01f8 0323     		movs	r3, #3
 325 01fa 04E0     		b	.L21
 326              	.L10:
 327              		.loc 1 254 0 discriminator 6
 328 01fc 0223     		movs	r3, #2
 329 01fe 02E0     		b	.L21
 330              	.L9:
 331              		.loc 1 254 0 discriminator 4
 332 0200 0123     		movs	r3, #1
 333 0202 00E0     		b	.L21
 334              	.L8:
 335              		.loc 1 254 0 discriminator 2
 336 0204 0023     		movs	r3, #0
 337              	.L21:
 338              		.loc 1 254 0 discriminator 28
 339 0206 7A69     		ldr	r2, [r7, #20]
 340 0208 02F00302 		and	r2, r2, #3
 341 020c 9200     		lsls	r2, r2, #2
 342 020e 9340     		lsls	r3, r3, r2
 343 0210 3A69     		ldr	r2, [r7, #16]
 344 0212 1343     		orrs	r3, r3, r2
 345 0214 3B61     		str	r3, [r7, #16]
 255:Drivers/STM32F3xx_HAL_Driver/Src/stm32f3xx_hal_gpio.c ****         SYSCFG->EXTICR[position >> 2u] = temp;
 346              		.loc 1 255 0 is_stmt 1 discriminator 28
 347 0216 3749     		ldr	r1, .L27+4
 348 0218 7B69     		ldr	r3, [r7, #20]
 349 021a 9B08     		lsrs	r3, r3, #2
 350 021c 0233     		adds	r3, r3, #2
 351 021e 3A69     		ldr	r2, [r7, #16]
 352 0220 41F82320 		str	r2, [r1, r3, lsl #2]
 256:Drivers/STM32F3xx_HAL_Driver/Src/stm32f3xx_hal_gpio.c **** 
 257:Drivers/STM32F3xx_HAL_Driver/Src/stm32f3xx_hal_gpio.c ****         /* Clear EXTI line configuration */
 258:Drivers/STM32F3xx_HAL_Driver/Src/stm32f3xx_hal_gpio.c ****         temp = EXTI->IMR;
 353              		.loc 1 258 0 discriminator 28
 354 0224 3A4B     		ldr	r3, .L27+32
 355 0226 1B68     		ldr	r3, [r3]
 356 0228 3B61     		str	r3, [r7, #16]
 259:Drivers/STM32F3xx_HAL_Driver/Src/stm32f3xx_hal_gpio.c ****         temp &= ~(iocurrent);
 357              		.loc 1 259 0 discriminator 28
 358 022a FB68     		ldr	r3, [r7, #12]
 359 022c DB43     		mvns	r3, r3
 360 022e 3A69     		ldr	r2, [r7, #16]
 361 0230 1340     		ands	r3, r3, r2
 362 0232 3B61     		str	r3, [r7, #16]
 260:Drivers/STM32F3xx_HAL_Driver/Src/stm32f3xx_hal_gpio.c ****         if((GPIO_Init->Mode & GPIO_MODE_IT) == GPIO_MODE_IT)
 363              		.loc 1 260 0 discriminator 28
 364 0234 3B68     		ldr	r3, [r7]
 365 0236 5B68     		ldr	r3, [r3, #4]
 366 0238 03F48033 		and	r3, r3, #65536
 367 023c 002B     		cmp	r3, #0
ARM GAS  /tmp/ccwAbgu5.s 			page 12


 368 023e 03D0     		beq	.L22
 261:Drivers/STM32F3xx_HAL_Driver/Src/stm32f3xx_hal_gpio.c ****         {
 262:Drivers/STM32F3xx_HAL_Driver/Src/stm32f3xx_hal_gpio.c ****           temp |= iocurrent;
 369              		.loc 1 262 0
 370 0240 3A69     		ldr	r2, [r7, #16]
 371 0242 FB68     		ldr	r3, [r7, #12]
 372 0244 1343     		orrs	r3, r3, r2
 373 0246 3B61     		str	r3, [r7, #16]
 374              	.L22:
 263:Drivers/STM32F3xx_HAL_Driver/Src/stm32f3xx_hal_gpio.c ****         }
 264:Drivers/STM32F3xx_HAL_Driver/Src/stm32f3xx_hal_gpio.c ****         EXTI->IMR = temp;
 375              		.loc 1 264 0
 376 0248 314A     		ldr	r2, .L27+32
 377 024a 3B69     		ldr	r3, [r7, #16]
 378 024c 1360     		str	r3, [r2]
 265:Drivers/STM32F3xx_HAL_Driver/Src/stm32f3xx_hal_gpio.c **** 
 266:Drivers/STM32F3xx_HAL_Driver/Src/stm32f3xx_hal_gpio.c ****         temp = EXTI->EMR;
 379              		.loc 1 266 0
 380 024e 304B     		ldr	r3, .L27+32
 381 0250 5B68     		ldr	r3, [r3, #4]
 382 0252 3B61     		str	r3, [r7, #16]
 267:Drivers/STM32F3xx_HAL_Driver/Src/stm32f3xx_hal_gpio.c ****         temp &= ~(iocurrent);
 383              		.loc 1 267 0
 384 0254 FB68     		ldr	r3, [r7, #12]
 385 0256 DB43     		mvns	r3, r3
 386 0258 3A69     		ldr	r2, [r7, #16]
 387 025a 1340     		ands	r3, r3, r2
 388 025c 3B61     		str	r3, [r7, #16]
 268:Drivers/STM32F3xx_HAL_Driver/Src/stm32f3xx_hal_gpio.c ****         if((GPIO_Init->Mode & GPIO_MODE_EVT) == GPIO_MODE_EVT)
 389              		.loc 1 268 0
 390 025e 3B68     		ldr	r3, [r7]
 391 0260 5B68     		ldr	r3, [r3, #4]
 392 0262 03F40033 		and	r3, r3, #131072
 393 0266 002B     		cmp	r3, #0
 394 0268 03D0     		beq	.L23
 269:Drivers/STM32F3xx_HAL_Driver/Src/stm32f3xx_hal_gpio.c ****         {
 270:Drivers/STM32F3xx_HAL_Driver/Src/stm32f3xx_hal_gpio.c ****           temp |= iocurrent;
 395              		.loc 1 270 0
 396 026a 3A69     		ldr	r2, [r7, #16]
 397 026c FB68     		ldr	r3, [r7, #12]
 398 026e 1343     		orrs	r3, r3, r2
 399 0270 3B61     		str	r3, [r7, #16]
 400              	.L23:
 271:Drivers/STM32F3xx_HAL_Driver/Src/stm32f3xx_hal_gpio.c ****         }
 272:Drivers/STM32F3xx_HAL_Driver/Src/stm32f3xx_hal_gpio.c ****         EXTI->EMR = temp;
 401              		.loc 1 272 0
 402 0272 274A     		ldr	r2, .L27+32
 403 0274 3B69     		ldr	r3, [r7, #16]
 404 0276 5360     		str	r3, [r2, #4]
 273:Drivers/STM32F3xx_HAL_Driver/Src/stm32f3xx_hal_gpio.c **** 
 274:Drivers/STM32F3xx_HAL_Driver/Src/stm32f3xx_hal_gpio.c ****         /* Clear Rising Falling edge configuration */
 275:Drivers/STM32F3xx_HAL_Driver/Src/stm32f3xx_hal_gpio.c ****         temp = EXTI->RTSR;
 405              		.loc 1 275 0
 406 0278 254B     		ldr	r3, .L27+32
 407 027a 9B68     		ldr	r3, [r3, #8]
 408 027c 3B61     		str	r3, [r7, #16]
 276:Drivers/STM32F3xx_HAL_Driver/Src/stm32f3xx_hal_gpio.c ****         temp &= ~(iocurrent);
ARM GAS  /tmp/ccwAbgu5.s 			page 13


 409              		.loc 1 276 0
 410 027e FB68     		ldr	r3, [r7, #12]
 411 0280 DB43     		mvns	r3, r3
 412 0282 3A69     		ldr	r2, [r7, #16]
 413 0284 1340     		ands	r3, r3, r2
 414 0286 3B61     		str	r3, [r7, #16]
 277:Drivers/STM32F3xx_HAL_Driver/Src/stm32f3xx_hal_gpio.c ****         if((GPIO_Init->Mode & RISING_EDGE) == RISING_EDGE)
 415              		.loc 1 277 0
 416 0288 3B68     		ldr	r3, [r7]
 417 028a 5B68     		ldr	r3, [r3, #4]
 418 028c 03F48013 		and	r3, r3, #1048576
 419 0290 002B     		cmp	r3, #0
 420 0292 03D0     		beq	.L24
 278:Drivers/STM32F3xx_HAL_Driver/Src/stm32f3xx_hal_gpio.c ****         {
 279:Drivers/STM32F3xx_HAL_Driver/Src/stm32f3xx_hal_gpio.c ****           temp |= iocurrent;
 421              		.loc 1 279 0
 422 0294 3A69     		ldr	r2, [r7, #16]
 423 0296 FB68     		ldr	r3, [r7, #12]
 424 0298 1343     		orrs	r3, r3, r2
 425 029a 3B61     		str	r3, [r7, #16]
 426              	.L24:
 280:Drivers/STM32F3xx_HAL_Driver/Src/stm32f3xx_hal_gpio.c ****         }
 281:Drivers/STM32F3xx_HAL_Driver/Src/stm32f3xx_hal_gpio.c ****         EXTI->RTSR = temp;
 427              		.loc 1 281 0
 428 029c 1C4A     		ldr	r2, .L27+32
 429 029e 3B69     		ldr	r3, [r7, #16]
 430 02a0 9360     		str	r3, [r2, #8]
 282:Drivers/STM32F3xx_HAL_Driver/Src/stm32f3xx_hal_gpio.c **** 
 283:Drivers/STM32F3xx_HAL_Driver/Src/stm32f3xx_hal_gpio.c ****         temp = EXTI->FTSR;
 431              		.loc 1 283 0
 432 02a2 1B4B     		ldr	r3, .L27+32
 433 02a4 DB68     		ldr	r3, [r3, #12]
 434 02a6 3B61     		str	r3, [r7, #16]
 284:Drivers/STM32F3xx_HAL_Driver/Src/stm32f3xx_hal_gpio.c ****         temp &= ~(iocurrent);
 435              		.loc 1 284 0
 436 02a8 FB68     		ldr	r3, [r7, #12]
 437 02aa DB43     		mvns	r3, r3
 438 02ac 3A69     		ldr	r2, [r7, #16]
 439 02ae 1340     		ands	r3, r3, r2
 440 02b0 3B61     		str	r3, [r7, #16]
 285:Drivers/STM32F3xx_HAL_Driver/Src/stm32f3xx_hal_gpio.c ****         if((GPIO_Init->Mode & FALLING_EDGE) == FALLING_EDGE)
 441              		.loc 1 285 0
 442 02b2 3B68     		ldr	r3, [r7]
 443 02b4 5B68     		ldr	r3, [r3, #4]
 444 02b6 03F40013 		and	r3, r3, #2097152
 445 02ba 002B     		cmp	r3, #0
 446 02bc 03D0     		beq	.L25
 286:Drivers/STM32F3xx_HAL_Driver/Src/stm32f3xx_hal_gpio.c ****         {
 287:Drivers/STM32F3xx_HAL_Driver/Src/stm32f3xx_hal_gpio.c ****           temp |= iocurrent;
 447              		.loc 1 287 0
 448 02be 3A69     		ldr	r2, [r7, #16]
 449 02c0 FB68     		ldr	r3, [r7, #12]
 450 02c2 1343     		orrs	r3, r3, r2
 451 02c4 3B61     		str	r3, [r7, #16]
 452              	.L25:
 288:Drivers/STM32F3xx_HAL_Driver/Src/stm32f3xx_hal_gpio.c ****         }
 289:Drivers/STM32F3xx_HAL_Driver/Src/stm32f3xx_hal_gpio.c ****         EXTI->FTSR = temp;
ARM GAS  /tmp/ccwAbgu5.s 			page 14


 453              		.loc 1 289 0
 454 02c6 124A     		ldr	r2, .L27+32
 455 02c8 3B69     		ldr	r3, [r7, #16]
 456 02ca D360     		str	r3, [r2, #12]
 457              	.L3:
 290:Drivers/STM32F3xx_HAL_Driver/Src/stm32f3xx_hal_gpio.c ****       }
 291:Drivers/STM32F3xx_HAL_Driver/Src/stm32f3xx_hal_gpio.c ****     }
 292:Drivers/STM32F3xx_HAL_Driver/Src/stm32f3xx_hal_gpio.c **** 
 293:Drivers/STM32F3xx_HAL_Driver/Src/stm32f3xx_hal_gpio.c ****     position++;
 458              		.loc 1 293 0
 459 02cc 7B69     		ldr	r3, [r7, #20]
 460 02ce 0133     		adds	r3, r3, #1
 461 02d0 7B61     		str	r3, [r7, #20]
 462              	.L2:
 192:Drivers/STM32F3xx_HAL_Driver/Src/stm32f3xx_hal_gpio.c ****   {
 463              		.loc 1 192 0
 464 02d2 3B68     		ldr	r3, [r7]
 465 02d4 1A68     		ldr	r2, [r3]
 466 02d6 7B69     		ldr	r3, [r7, #20]
 467 02d8 22FA03F3 		lsr	r3, r2, r3
 468 02dc 002B     		cmp	r3, #0
 469 02de 7FF497AE 		bne	.L26
 294:Drivers/STM32F3xx_HAL_Driver/Src/stm32f3xx_hal_gpio.c ****   }
 295:Drivers/STM32F3xx_HAL_Driver/Src/stm32f3xx_hal_gpio.c **** }
 470              		.loc 1 295 0
 471 02e2 00BF     		nop
 472 02e4 1C37     		adds	r7, r7, #28
 473              	.LCFI3:
 474              		.cfi_def_cfa_offset 4
 475 02e6 BD46     		mov	sp, r7
 476              	.LCFI4:
 477              		.cfi_def_cfa_register 13
 478              		@ sp needed
 479 02e8 5DF8047B 		ldr	r7, [sp], #4
 480              	.LCFI5:
 481              		.cfi_restore 7
 482              		.cfi_def_cfa_offset 0
 483 02ec 7047     		bx	lr
 484              	.L28:
 485 02ee 00BF     		.align	2
 486              	.L27:
 487 02f0 00100240 		.word	1073876992
 488 02f4 00000140 		.word	1073807360
 489 02f8 00040048 		.word	1207960576
 490 02fc 00080048 		.word	1207961600
 491 0300 000C0048 		.word	1207962624
 492 0304 00100048 		.word	1207963648
 493 0308 00140048 		.word	1207964672
 494 030c 00180048 		.word	1207965696
 495 0310 00040140 		.word	1073808384
 496              		.cfi_endproc
 497              	.LFE130:
 499              		.section	.text.HAL_GPIO_DeInit,"ax",%progbits
 500              		.align	1
 501              		.global	HAL_GPIO_DeInit
 502              		.syntax unified
 503              		.thumb
ARM GAS  /tmp/ccwAbgu5.s 			page 15


 504              		.thumb_func
 505              		.fpu fpv4-sp-d16
 507              	HAL_GPIO_DeInit:
 508              	.LFB131:
 296:Drivers/STM32F3xx_HAL_Driver/Src/stm32f3xx_hal_gpio.c **** 
 297:Drivers/STM32F3xx_HAL_Driver/Src/stm32f3xx_hal_gpio.c **** /**
 298:Drivers/STM32F3xx_HAL_Driver/Src/stm32f3xx_hal_gpio.c ****   * @brief  De-initialize the GPIOx peripheral registers to their default reset values.
 299:Drivers/STM32F3xx_HAL_Driver/Src/stm32f3xx_hal_gpio.c ****   * @param  GPIOx where x can be (A..F) to select the GPIO peripheral for STM32F30X device or STM32
 300:Drivers/STM32F3xx_HAL_Driver/Src/stm32f3xx_hal_gpio.c ****   * @param  GPIO_Pin specifies the port bit to be written.
 301:Drivers/STM32F3xx_HAL_Driver/Src/stm32f3xx_hal_gpio.c ****   *         This parameter can be one of GPIO_PIN_x where x can be (0..15).
 302:Drivers/STM32F3xx_HAL_Driver/Src/stm32f3xx_hal_gpio.c ****   * @retval None
 303:Drivers/STM32F3xx_HAL_Driver/Src/stm32f3xx_hal_gpio.c ****   */
 304:Drivers/STM32F3xx_HAL_Driver/Src/stm32f3xx_hal_gpio.c **** void HAL_GPIO_DeInit(GPIO_TypeDef  *GPIOx, uint32_t GPIO_Pin)
 305:Drivers/STM32F3xx_HAL_Driver/Src/stm32f3xx_hal_gpio.c **** {
 509              		.loc 1 305 0
 510              		.cfi_startproc
 511              		@ args = 0, pretend = 0, frame = 24
 512              		@ frame_needed = 1, uses_anonymous_args = 0
 513              		@ link register save eliminated.
 514 0000 80B4     		push	{r7}
 515              	.LCFI6:
 516              		.cfi_def_cfa_offset 4
 517              		.cfi_offset 7, -4
 518 0002 87B0     		sub	sp, sp, #28
 519              	.LCFI7:
 520              		.cfi_def_cfa_offset 32
 521 0004 00AF     		add	r7, sp, #0
 522              	.LCFI8:
 523              		.cfi_def_cfa_register 7
 524 0006 7860     		str	r0, [r7, #4]
 525 0008 3960     		str	r1, [r7]
 306:Drivers/STM32F3xx_HAL_Driver/Src/stm32f3xx_hal_gpio.c ****   uint32_t position = 0x00u;
 526              		.loc 1 306 0
 527 000a 0023     		movs	r3, #0
 528 000c 7B61     		str	r3, [r7, #20]
 307:Drivers/STM32F3xx_HAL_Driver/Src/stm32f3xx_hal_gpio.c ****   uint32_t iocurrent;
 308:Drivers/STM32F3xx_HAL_Driver/Src/stm32f3xx_hal_gpio.c ****   uint32_t tmp;
 309:Drivers/STM32F3xx_HAL_Driver/Src/stm32f3xx_hal_gpio.c **** 
 310:Drivers/STM32F3xx_HAL_Driver/Src/stm32f3xx_hal_gpio.c ****   /* Check the parameters */
 311:Drivers/STM32F3xx_HAL_Driver/Src/stm32f3xx_hal_gpio.c ****   assert_param(IS_GPIO_ALL_INSTANCE(GPIOx));
 312:Drivers/STM32F3xx_HAL_Driver/Src/stm32f3xx_hal_gpio.c ****   assert_param(IS_GPIO_PIN(GPIO_Pin));
 313:Drivers/STM32F3xx_HAL_Driver/Src/stm32f3xx_hal_gpio.c **** 
 314:Drivers/STM32F3xx_HAL_Driver/Src/stm32f3xx_hal_gpio.c ****   /* Configure the port pins */
 315:Drivers/STM32F3xx_HAL_Driver/Src/stm32f3xx_hal_gpio.c ****   while ((GPIO_Pin >> position) != 0x00u)
 529              		.loc 1 315 0
 530 000e C4E0     		b	.L30
 531              	.L47:
 316:Drivers/STM32F3xx_HAL_Driver/Src/stm32f3xx_hal_gpio.c ****   {
 317:Drivers/STM32F3xx_HAL_Driver/Src/stm32f3xx_hal_gpio.c ****     /* Get current io position */
 318:Drivers/STM32F3xx_HAL_Driver/Src/stm32f3xx_hal_gpio.c ****     iocurrent = (GPIO_Pin) & (1uL << position);
 532              		.loc 1 318 0
 533 0010 0122     		movs	r2, #1
 534 0012 7B69     		ldr	r3, [r7, #20]
 535 0014 02FA03F3 		lsl	r3, r2, r3
 536 0018 3A68     		ldr	r2, [r7]
 537 001a 1340     		ands	r3, r3, r2
 538 001c 3B61     		str	r3, [r7, #16]
ARM GAS  /tmp/ccwAbgu5.s 			page 16


 319:Drivers/STM32F3xx_HAL_Driver/Src/stm32f3xx_hal_gpio.c **** 
 320:Drivers/STM32F3xx_HAL_Driver/Src/stm32f3xx_hal_gpio.c ****     if (iocurrent != 0x00u)
 539              		.loc 1 320 0
 540 001e 3B69     		ldr	r3, [r7, #16]
 541 0020 002B     		cmp	r3, #0
 542 0022 00F0B780 		beq	.L31
 321:Drivers/STM32F3xx_HAL_Driver/Src/stm32f3xx_hal_gpio.c ****     {
 322:Drivers/STM32F3xx_HAL_Driver/Src/stm32f3xx_hal_gpio.c ****       /*------------------------- EXTI Mode Configuration --------------------*/
 323:Drivers/STM32F3xx_HAL_Driver/Src/stm32f3xx_hal_gpio.c ****       /* Clear the External Interrupt or Event for the current IO */
 324:Drivers/STM32F3xx_HAL_Driver/Src/stm32f3xx_hal_gpio.c **** 
 325:Drivers/STM32F3xx_HAL_Driver/Src/stm32f3xx_hal_gpio.c ****       tmp = SYSCFG->EXTICR[position >> 2u];
 543              		.loc 1 325 0
 544 0026 634A     		ldr	r2, .L48
 545 0028 7B69     		ldr	r3, [r7, #20]
 546 002a 9B08     		lsrs	r3, r3, #2
 547 002c 0233     		adds	r3, r3, #2
 548 002e 52F82330 		ldr	r3, [r2, r3, lsl #2]
 549 0032 FB60     		str	r3, [r7, #12]
 326:Drivers/STM32F3xx_HAL_Driver/Src/stm32f3xx_hal_gpio.c ****       tmp &= (0x0FuL << (4u * (position & 0x03u)));
 550              		.loc 1 326 0
 551 0034 7B69     		ldr	r3, [r7, #20]
 552 0036 03F00303 		and	r3, r3, #3
 553 003a 9B00     		lsls	r3, r3, #2
 554 003c 0F22     		movs	r2, #15
 555 003e 02FA03F3 		lsl	r3, r2, r3
 556 0042 FA68     		ldr	r2, [r7, #12]
 557 0044 1340     		ands	r3, r3, r2
 558 0046 FB60     		str	r3, [r7, #12]
 327:Drivers/STM32F3xx_HAL_Driver/Src/stm32f3xx_hal_gpio.c ****       if (tmp == (GPIO_GET_INDEX(GPIOx) << (4u * (position & 0x03u))))
 559              		.loc 1 327 0
 560 0048 7B68     		ldr	r3, [r7, #4]
 561 004a B3F1904F 		cmp	r3, #1207959552
 562 004e 25D0     		beq	.L32
 563              		.loc 1 327 0 is_stmt 0 discriminator 1
 564 0050 7B68     		ldr	r3, [r7, #4]
 565 0052 594A     		ldr	r2, .L48+4
 566 0054 9342     		cmp	r3, r2
 567 0056 1FD0     		beq	.L33
 568              		.loc 1 327 0 discriminator 3
 569 0058 7B68     		ldr	r3, [r7, #4]
 570 005a 584A     		ldr	r2, .L48+8
 571 005c 9342     		cmp	r3, r2
 572 005e 19D0     		beq	.L34
 573              		.loc 1 327 0 discriminator 5
 574 0060 7B68     		ldr	r3, [r7, #4]
 575 0062 574A     		ldr	r2, .L48+12
 576 0064 9342     		cmp	r3, r2
 577 0066 13D0     		beq	.L35
 578              		.loc 1 327 0 discriminator 7
 579 0068 7B68     		ldr	r3, [r7, #4]
 580 006a 564A     		ldr	r2, .L48+16
 581 006c 9342     		cmp	r3, r2
 582 006e 0DD0     		beq	.L36
 583              		.loc 1 327 0 discriminator 9
 584 0070 7B68     		ldr	r3, [r7, #4]
 585 0072 554A     		ldr	r2, .L48+20
 586 0074 9342     		cmp	r3, r2
ARM GAS  /tmp/ccwAbgu5.s 			page 17


 587 0076 07D0     		beq	.L37
 588              		.loc 1 327 0 discriminator 11
 589 0078 7B68     		ldr	r3, [r7, #4]
 590 007a 544A     		ldr	r2, .L48+24
 591 007c 9342     		cmp	r3, r2
 592 007e 01D1     		bne	.L38
 593              		.loc 1 327 0 discriminator 13
 594 0080 0623     		movs	r3, #6
 595 0082 0CE0     		b	.L45
 596              	.L38:
 597              		.loc 1 327 0 discriminator 14
 598 0084 0723     		movs	r3, #7
 599 0086 0AE0     		b	.L45
 600              	.L37:
 601              		.loc 1 327 0 discriminator 12
 602 0088 0523     		movs	r3, #5
 603 008a 08E0     		b	.L45
 604              	.L36:
 605              		.loc 1 327 0 discriminator 10
 606 008c 0423     		movs	r3, #4
 607 008e 06E0     		b	.L45
 608              	.L35:
 609              		.loc 1 327 0 discriminator 8
 610 0090 0323     		movs	r3, #3
 611 0092 04E0     		b	.L45
 612              	.L34:
 613              		.loc 1 327 0 discriminator 6
 614 0094 0223     		movs	r3, #2
 615 0096 02E0     		b	.L45
 616              	.L33:
 617              		.loc 1 327 0 discriminator 4
 618 0098 0123     		movs	r3, #1
 619 009a 00E0     		b	.L45
 620              	.L32:
 621              		.loc 1 327 0 discriminator 2
 622 009c 0023     		movs	r3, #0
 623              	.L45:
 624              		.loc 1 327 0 discriminator 28
 625 009e 7A69     		ldr	r2, [r7, #20]
 626 00a0 02F00302 		and	r2, r2, #3
 627 00a4 9200     		lsls	r2, r2, #2
 628 00a6 9340     		lsls	r3, r3, r2
 629 00a8 FA68     		ldr	r2, [r7, #12]
 630 00aa 9A42     		cmp	r2, r3
 631 00ac 32D1     		bne	.L46
 328:Drivers/STM32F3xx_HAL_Driver/Src/stm32f3xx_hal_gpio.c ****       {
 329:Drivers/STM32F3xx_HAL_Driver/Src/stm32f3xx_hal_gpio.c ****         /* Clear EXTI line configuration */
 330:Drivers/STM32F3xx_HAL_Driver/Src/stm32f3xx_hal_gpio.c ****         EXTI->IMR &= ~((uint32_t)iocurrent);
 632              		.loc 1 330 0 is_stmt 1
 633 00ae 484B     		ldr	r3, .L48+28
 634 00b0 1A68     		ldr	r2, [r3]
 635 00b2 3B69     		ldr	r3, [r7, #16]
 636 00b4 DB43     		mvns	r3, r3
 637 00b6 4649     		ldr	r1, .L48+28
 638 00b8 1340     		ands	r3, r3, r2
 639 00ba 0B60     		str	r3, [r1]
 331:Drivers/STM32F3xx_HAL_Driver/Src/stm32f3xx_hal_gpio.c ****         EXTI->EMR &= ~((uint32_t)iocurrent);
ARM GAS  /tmp/ccwAbgu5.s 			page 18


 640              		.loc 1 331 0
 641 00bc 444B     		ldr	r3, .L48+28
 642 00be 5A68     		ldr	r2, [r3, #4]
 643 00c0 3B69     		ldr	r3, [r7, #16]
 644 00c2 DB43     		mvns	r3, r3
 645 00c4 4249     		ldr	r1, .L48+28
 646 00c6 1340     		ands	r3, r3, r2
 647 00c8 4B60     		str	r3, [r1, #4]
 332:Drivers/STM32F3xx_HAL_Driver/Src/stm32f3xx_hal_gpio.c ****         
 333:Drivers/STM32F3xx_HAL_Driver/Src/stm32f3xx_hal_gpio.c ****         /* Clear Rising Falling edge configuration */
 334:Drivers/STM32F3xx_HAL_Driver/Src/stm32f3xx_hal_gpio.c ****         EXTI->RTSR &= ~((uint32_t)iocurrent);
 648              		.loc 1 334 0
 649 00ca 414B     		ldr	r3, .L48+28
 650 00cc 9A68     		ldr	r2, [r3, #8]
 651 00ce 3B69     		ldr	r3, [r7, #16]
 652 00d0 DB43     		mvns	r3, r3
 653 00d2 3F49     		ldr	r1, .L48+28
 654 00d4 1340     		ands	r3, r3, r2
 655 00d6 8B60     		str	r3, [r1, #8]
 335:Drivers/STM32F3xx_HAL_Driver/Src/stm32f3xx_hal_gpio.c ****         EXTI->FTSR &= ~((uint32_t)iocurrent);
 656              		.loc 1 335 0
 657 00d8 3D4B     		ldr	r3, .L48+28
 658 00da DA68     		ldr	r2, [r3, #12]
 659 00dc 3B69     		ldr	r3, [r7, #16]
 660 00de DB43     		mvns	r3, r3
 661 00e0 3B49     		ldr	r1, .L48+28
 662 00e2 1340     		ands	r3, r3, r2
 663 00e4 CB60     		str	r3, [r1, #12]
 336:Drivers/STM32F3xx_HAL_Driver/Src/stm32f3xx_hal_gpio.c **** 
 337:Drivers/STM32F3xx_HAL_Driver/Src/stm32f3xx_hal_gpio.c ****         /* Configure the External Interrupt or event for the current IO */
 338:Drivers/STM32F3xx_HAL_Driver/Src/stm32f3xx_hal_gpio.c ****         tmp = 0x0FuL << (4u * (position & 0x03u));
 664              		.loc 1 338 0
 665 00e6 7B69     		ldr	r3, [r7, #20]
 666 00e8 03F00303 		and	r3, r3, #3
 667 00ec 9B00     		lsls	r3, r3, #2
 668 00ee 0F22     		movs	r2, #15
 669 00f0 02FA03F3 		lsl	r3, r2, r3
 670 00f4 FB60     		str	r3, [r7, #12]
 339:Drivers/STM32F3xx_HAL_Driver/Src/stm32f3xx_hal_gpio.c ****         SYSCFG->EXTICR[position >> 2u] &= ~tmp;
 671              		.loc 1 339 0
 672 00f6 2F4A     		ldr	r2, .L48
 673 00f8 7B69     		ldr	r3, [r7, #20]
 674 00fa 9B08     		lsrs	r3, r3, #2
 675 00fc 0233     		adds	r3, r3, #2
 676 00fe 52F82310 		ldr	r1, [r2, r3, lsl #2]
 677 0102 FB68     		ldr	r3, [r7, #12]
 678 0104 DA43     		mvns	r2, r3
 679 0106 2B48     		ldr	r0, .L48
 680 0108 7B69     		ldr	r3, [r7, #20]
 681 010a 9B08     		lsrs	r3, r3, #2
 682 010c 0A40     		ands	r2, r2, r1
 683 010e 0233     		adds	r3, r3, #2
 684 0110 40F82320 		str	r2, [r0, r3, lsl #2]
 685              	.L46:
 340:Drivers/STM32F3xx_HAL_Driver/Src/stm32f3xx_hal_gpio.c ****       }
 341:Drivers/STM32F3xx_HAL_Driver/Src/stm32f3xx_hal_gpio.c **** 
 342:Drivers/STM32F3xx_HAL_Driver/Src/stm32f3xx_hal_gpio.c ****       /*------------------------- GPIO Mode Configuration --------------------*/
ARM GAS  /tmp/ccwAbgu5.s 			page 19


 343:Drivers/STM32F3xx_HAL_Driver/Src/stm32f3xx_hal_gpio.c ****       /* Configure IO Direction in Input Floating Mode */
 344:Drivers/STM32F3xx_HAL_Driver/Src/stm32f3xx_hal_gpio.c ****       GPIOx->MODER &= ~(GPIO_MODER_MODER0 << (position * 2u));
 686              		.loc 1 344 0
 687 0114 7B68     		ldr	r3, [r7, #4]
 688 0116 1A68     		ldr	r2, [r3]
 689 0118 7B69     		ldr	r3, [r7, #20]
 690 011a 5B00     		lsls	r3, r3, #1
 691 011c 0321     		movs	r1, #3
 692 011e 01FA03F3 		lsl	r3, r1, r3
 693 0122 DB43     		mvns	r3, r3
 694 0124 1A40     		ands	r2, r2, r3
 695 0126 7B68     		ldr	r3, [r7, #4]
 696 0128 1A60     		str	r2, [r3]
 345:Drivers/STM32F3xx_HAL_Driver/Src/stm32f3xx_hal_gpio.c **** 
 346:Drivers/STM32F3xx_HAL_Driver/Src/stm32f3xx_hal_gpio.c ****       /* Configure the default Alternate Function in current IO */
 347:Drivers/STM32F3xx_HAL_Driver/Src/stm32f3xx_hal_gpio.c ****       GPIOx->AFR[position >> 3u] &= ~(0xFu << ((uint32_t)(position & 0x07u) * 4u)) ;
 697              		.loc 1 347 0
 698 012a 7B69     		ldr	r3, [r7, #20]
 699 012c DA08     		lsrs	r2, r3, #3
 700 012e 7B68     		ldr	r3, [r7, #4]
 701 0130 0832     		adds	r2, r2, #8
 702 0132 53F82210 		ldr	r1, [r3, r2, lsl #2]
 703 0136 7B69     		ldr	r3, [r7, #20]
 704 0138 03F00703 		and	r3, r3, #7
 705 013c 9B00     		lsls	r3, r3, #2
 706 013e 0F22     		movs	r2, #15
 707 0140 02FA03F3 		lsl	r3, r2, r3
 708 0144 DB43     		mvns	r3, r3
 709 0146 7A69     		ldr	r2, [r7, #20]
 710 0148 D208     		lsrs	r2, r2, #3
 711 014a 1940     		ands	r1, r1, r3
 712 014c 7B68     		ldr	r3, [r7, #4]
 713 014e 0832     		adds	r2, r2, #8
 714 0150 43F82210 		str	r1, [r3, r2, lsl #2]
 348:Drivers/STM32F3xx_HAL_Driver/Src/stm32f3xx_hal_gpio.c **** 
 349:Drivers/STM32F3xx_HAL_Driver/Src/stm32f3xx_hal_gpio.c ****       /* Deactivate the Pull-up and Pull-down resistor for the current IO */
 350:Drivers/STM32F3xx_HAL_Driver/Src/stm32f3xx_hal_gpio.c ****       GPIOx->PUPDR &= ~(GPIO_PUPDR_PUPDR0 << (position * 2u));
 715              		.loc 1 350 0
 716 0154 7B68     		ldr	r3, [r7, #4]
 717 0156 DA68     		ldr	r2, [r3, #12]
 718 0158 7B69     		ldr	r3, [r7, #20]
 719 015a 5B00     		lsls	r3, r3, #1
 720 015c 0321     		movs	r1, #3
 721 015e 01FA03F3 		lsl	r3, r1, r3
 722 0162 DB43     		mvns	r3, r3
 723 0164 1A40     		ands	r2, r2, r3
 724 0166 7B68     		ldr	r3, [r7, #4]
 725 0168 DA60     		str	r2, [r3, #12]
 351:Drivers/STM32F3xx_HAL_Driver/Src/stm32f3xx_hal_gpio.c **** 
 352:Drivers/STM32F3xx_HAL_Driver/Src/stm32f3xx_hal_gpio.c ****       /* Configure the default value IO Output Type */
 353:Drivers/STM32F3xx_HAL_Driver/Src/stm32f3xx_hal_gpio.c ****       GPIOx->OTYPER  &= ~(GPIO_OTYPER_OT_0 << position) ;
 726              		.loc 1 353 0
 727 016a 7B68     		ldr	r3, [r7, #4]
 728 016c 5A68     		ldr	r2, [r3, #4]
 729 016e 0121     		movs	r1, #1
 730 0170 7B69     		ldr	r3, [r7, #20]
 731 0172 01FA03F3 		lsl	r3, r1, r3
ARM GAS  /tmp/ccwAbgu5.s 			page 20


 732 0176 DB43     		mvns	r3, r3
 733 0178 1A40     		ands	r2, r2, r3
 734 017a 7B68     		ldr	r3, [r7, #4]
 735 017c 5A60     		str	r2, [r3, #4]
 354:Drivers/STM32F3xx_HAL_Driver/Src/stm32f3xx_hal_gpio.c **** 
 355:Drivers/STM32F3xx_HAL_Driver/Src/stm32f3xx_hal_gpio.c ****       /* Configure the default value for IO Speed */
 356:Drivers/STM32F3xx_HAL_Driver/Src/stm32f3xx_hal_gpio.c ****       GPIOx->OSPEEDR &= ~(GPIO_OSPEEDER_OSPEEDR0 << (position * 2u));
 736              		.loc 1 356 0
 737 017e 7B68     		ldr	r3, [r7, #4]
 738 0180 9A68     		ldr	r2, [r3, #8]
 739 0182 7B69     		ldr	r3, [r7, #20]
 740 0184 5B00     		lsls	r3, r3, #1
 741 0186 0321     		movs	r1, #3
 742 0188 01FA03F3 		lsl	r3, r1, r3
 743 018c DB43     		mvns	r3, r3
 744 018e 1A40     		ands	r2, r2, r3
 745 0190 7B68     		ldr	r3, [r7, #4]
 746 0192 9A60     		str	r2, [r3, #8]
 747              	.L31:
 357:Drivers/STM32F3xx_HAL_Driver/Src/stm32f3xx_hal_gpio.c ****     }
 358:Drivers/STM32F3xx_HAL_Driver/Src/stm32f3xx_hal_gpio.c **** 
 359:Drivers/STM32F3xx_HAL_Driver/Src/stm32f3xx_hal_gpio.c ****     position++;
 748              		.loc 1 359 0
 749 0194 7B69     		ldr	r3, [r7, #20]
 750 0196 0133     		adds	r3, r3, #1
 751 0198 7B61     		str	r3, [r7, #20]
 752              	.L30:
 315:Drivers/STM32F3xx_HAL_Driver/Src/stm32f3xx_hal_gpio.c ****   {
 753              		.loc 1 315 0
 754 019a 3A68     		ldr	r2, [r7]
 755 019c 7B69     		ldr	r3, [r7, #20]
 756 019e 22FA03F3 		lsr	r3, r2, r3
 757 01a2 002B     		cmp	r3, #0
 758 01a4 7FF434AF 		bne	.L47
 360:Drivers/STM32F3xx_HAL_Driver/Src/stm32f3xx_hal_gpio.c ****   }
 361:Drivers/STM32F3xx_HAL_Driver/Src/stm32f3xx_hal_gpio.c **** }
 759              		.loc 1 361 0
 760 01a8 00BF     		nop
 761 01aa 1C37     		adds	r7, r7, #28
 762              	.LCFI9:
 763              		.cfi_def_cfa_offset 4
 764 01ac BD46     		mov	sp, r7
 765              	.LCFI10:
 766              		.cfi_def_cfa_register 13
 767              		@ sp needed
 768 01ae 5DF8047B 		ldr	r7, [sp], #4
 769              	.LCFI11:
 770              		.cfi_restore 7
 771              		.cfi_def_cfa_offset 0
 772 01b2 7047     		bx	lr
 773              	.L49:
 774              		.align	2
 775              	.L48:
 776 01b4 00000140 		.word	1073807360
 777 01b8 00040048 		.word	1207960576
 778 01bc 00080048 		.word	1207961600
 779 01c0 000C0048 		.word	1207962624
ARM GAS  /tmp/ccwAbgu5.s 			page 21


 780 01c4 00100048 		.word	1207963648
 781 01c8 00140048 		.word	1207964672
 782 01cc 00180048 		.word	1207965696
 783 01d0 00040140 		.word	1073808384
 784              		.cfi_endproc
 785              	.LFE131:
 787              		.section	.text.HAL_GPIO_ReadPin,"ax",%progbits
 788              		.align	1
 789              		.global	HAL_GPIO_ReadPin
 790              		.syntax unified
 791              		.thumb
 792              		.thumb_func
 793              		.fpu fpv4-sp-d16
 795              	HAL_GPIO_ReadPin:
 796              	.LFB132:
 362:Drivers/STM32F3xx_HAL_Driver/Src/stm32f3xx_hal_gpio.c **** 
 363:Drivers/STM32F3xx_HAL_Driver/Src/stm32f3xx_hal_gpio.c **** /**
 364:Drivers/STM32F3xx_HAL_Driver/Src/stm32f3xx_hal_gpio.c ****   * @}
 365:Drivers/STM32F3xx_HAL_Driver/Src/stm32f3xx_hal_gpio.c ****   */
 366:Drivers/STM32F3xx_HAL_Driver/Src/stm32f3xx_hal_gpio.c **** 
 367:Drivers/STM32F3xx_HAL_Driver/Src/stm32f3xx_hal_gpio.c **** /** @defgroup GPIO_Exported_Functions_Group2 IO operation functions 
 368:Drivers/STM32F3xx_HAL_Driver/Src/stm32f3xx_hal_gpio.c ****  *  @brief GPIO Read, Write, Toggle, Lock and EXTI management functions.
 369:Drivers/STM32F3xx_HAL_Driver/Src/stm32f3xx_hal_gpio.c ****  *
 370:Drivers/STM32F3xx_HAL_Driver/Src/stm32f3xx_hal_gpio.c **** @verbatim
 371:Drivers/STM32F3xx_HAL_Driver/Src/stm32f3xx_hal_gpio.c ****  ===============================================================================
 372:Drivers/STM32F3xx_HAL_Driver/Src/stm32f3xx_hal_gpio.c ****                        ##### IO operation functions #####
 373:Drivers/STM32F3xx_HAL_Driver/Src/stm32f3xx_hal_gpio.c ****  ===============================================================================
 374:Drivers/STM32F3xx_HAL_Driver/Src/stm32f3xx_hal_gpio.c **** 
 375:Drivers/STM32F3xx_HAL_Driver/Src/stm32f3xx_hal_gpio.c **** @endverbatim
 376:Drivers/STM32F3xx_HAL_Driver/Src/stm32f3xx_hal_gpio.c ****   * @{
 377:Drivers/STM32F3xx_HAL_Driver/Src/stm32f3xx_hal_gpio.c ****   */
 378:Drivers/STM32F3xx_HAL_Driver/Src/stm32f3xx_hal_gpio.c **** 
 379:Drivers/STM32F3xx_HAL_Driver/Src/stm32f3xx_hal_gpio.c **** /**
 380:Drivers/STM32F3xx_HAL_Driver/Src/stm32f3xx_hal_gpio.c ****   * @brief  Read the specified input port pin.
 381:Drivers/STM32F3xx_HAL_Driver/Src/stm32f3xx_hal_gpio.c ****   * @param  GPIOx where x can be (A..F) to select the GPIO peripheral for STM32F3 family
 382:Drivers/STM32F3xx_HAL_Driver/Src/stm32f3xx_hal_gpio.c ****   * @param  GPIO_Pin specifies the port bit to read.
 383:Drivers/STM32F3xx_HAL_Driver/Src/stm32f3xx_hal_gpio.c ****   *         This parameter can be GPIO_PIN_x where x can be (0..15).
 384:Drivers/STM32F3xx_HAL_Driver/Src/stm32f3xx_hal_gpio.c ****   * @retval The input port pin value.
 385:Drivers/STM32F3xx_HAL_Driver/Src/stm32f3xx_hal_gpio.c ****   */
 386:Drivers/STM32F3xx_HAL_Driver/Src/stm32f3xx_hal_gpio.c **** GPIO_PinState HAL_GPIO_ReadPin(GPIO_TypeDef* GPIOx, uint16_t GPIO_Pin)
 387:Drivers/STM32F3xx_HAL_Driver/Src/stm32f3xx_hal_gpio.c **** {
 797              		.loc 1 387 0
 798              		.cfi_startproc
 799              		@ args = 0, pretend = 0, frame = 16
 800              		@ frame_needed = 1, uses_anonymous_args = 0
 801              		@ link register save eliminated.
 802 0000 80B4     		push	{r7}
 803              	.LCFI12:
 804              		.cfi_def_cfa_offset 4
 805              		.cfi_offset 7, -4
 806 0002 85B0     		sub	sp, sp, #20
 807              	.LCFI13:
 808              		.cfi_def_cfa_offset 24
 809 0004 00AF     		add	r7, sp, #0
 810              	.LCFI14:
 811              		.cfi_def_cfa_register 7
 812 0006 7860     		str	r0, [r7, #4]
ARM GAS  /tmp/ccwAbgu5.s 			page 22


 813 0008 0B46     		mov	r3, r1
 814 000a 7B80     		strh	r3, [r7, #2]	@ movhi
 388:Drivers/STM32F3xx_HAL_Driver/Src/stm32f3xx_hal_gpio.c ****   GPIO_PinState bitstatus;
 389:Drivers/STM32F3xx_HAL_Driver/Src/stm32f3xx_hal_gpio.c **** 
 390:Drivers/STM32F3xx_HAL_Driver/Src/stm32f3xx_hal_gpio.c ****   /* Check the parameters */
 391:Drivers/STM32F3xx_HAL_Driver/Src/stm32f3xx_hal_gpio.c ****   assert_param(IS_GPIO_PIN(GPIO_Pin));
 392:Drivers/STM32F3xx_HAL_Driver/Src/stm32f3xx_hal_gpio.c **** 
 393:Drivers/STM32F3xx_HAL_Driver/Src/stm32f3xx_hal_gpio.c ****   if((GPIOx->IDR & GPIO_Pin) != (uint32_t)GPIO_PIN_RESET)
 815              		.loc 1 393 0
 816 000c 7B68     		ldr	r3, [r7, #4]
 817 000e 1A69     		ldr	r2, [r3, #16]
 818 0010 7B88     		ldrh	r3, [r7, #2]
 819 0012 1340     		ands	r3, r3, r2
 820 0014 002B     		cmp	r3, #0
 821 0016 02D0     		beq	.L51
 394:Drivers/STM32F3xx_HAL_Driver/Src/stm32f3xx_hal_gpio.c ****   {
 395:Drivers/STM32F3xx_HAL_Driver/Src/stm32f3xx_hal_gpio.c ****     bitstatus = GPIO_PIN_SET;
 822              		.loc 1 395 0
 823 0018 0123     		movs	r3, #1
 824 001a FB73     		strb	r3, [r7, #15]
 825 001c 01E0     		b	.L52
 826              	.L51:
 396:Drivers/STM32F3xx_HAL_Driver/Src/stm32f3xx_hal_gpio.c ****   }
 397:Drivers/STM32F3xx_HAL_Driver/Src/stm32f3xx_hal_gpio.c ****   else
 398:Drivers/STM32F3xx_HAL_Driver/Src/stm32f3xx_hal_gpio.c ****   {
 399:Drivers/STM32F3xx_HAL_Driver/Src/stm32f3xx_hal_gpio.c ****     bitstatus = GPIO_PIN_RESET;
 827              		.loc 1 399 0
 828 001e 0023     		movs	r3, #0
 829 0020 FB73     		strb	r3, [r7, #15]
 830              	.L52:
 400:Drivers/STM32F3xx_HAL_Driver/Src/stm32f3xx_hal_gpio.c ****   }
 401:Drivers/STM32F3xx_HAL_Driver/Src/stm32f3xx_hal_gpio.c ****   return bitstatus;
 831              		.loc 1 401 0
 832 0022 FB7B     		ldrb	r3, [r7, #15]	@ zero_extendqisi2
 402:Drivers/STM32F3xx_HAL_Driver/Src/stm32f3xx_hal_gpio.c **** }
 833              		.loc 1 402 0
 834 0024 1846     		mov	r0, r3
 835 0026 1437     		adds	r7, r7, #20
 836              	.LCFI15:
 837              		.cfi_def_cfa_offset 4
 838 0028 BD46     		mov	sp, r7
 839              	.LCFI16:
 840              		.cfi_def_cfa_register 13
 841              		@ sp needed
 842 002a 5DF8047B 		ldr	r7, [sp], #4
 843              	.LCFI17:
 844              		.cfi_restore 7
 845              		.cfi_def_cfa_offset 0
 846 002e 7047     		bx	lr
 847              		.cfi_endproc
 848              	.LFE132:
 850              		.section	.text.HAL_GPIO_WritePin,"ax",%progbits
 851              		.align	1
 852              		.global	HAL_GPIO_WritePin
 853              		.syntax unified
 854              		.thumb
 855              		.thumb_func
ARM GAS  /tmp/ccwAbgu5.s 			page 23


 856              		.fpu fpv4-sp-d16
 858              	HAL_GPIO_WritePin:
 859              	.LFB133:
 403:Drivers/STM32F3xx_HAL_Driver/Src/stm32f3xx_hal_gpio.c **** 
 404:Drivers/STM32F3xx_HAL_Driver/Src/stm32f3xx_hal_gpio.c **** /**
 405:Drivers/STM32F3xx_HAL_Driver/Src/stm32f3xx_hal_gpio.c ****   * @brief  Set or clear the selected data port bit.
 406:Drivers/STM32F3xx_HAL_Driver/Src/stm32f3xx_hal_gpio.c ****   *
 407:Drivers/STM32F3xx_HAL_Driver/Src/stm32f3xx_hal_gpio.c ****   * @note   This function uses GPIOx_BSRR and GPIOx_BRR registers to allow atomic read/modify
 408:Drivers/STM32F3xx_HAL_Driver/Src/stm32f3xx_hal_gpio.c ****   *         accesses. In this way, there is no risk of an IRQ occurring between
 409:Drivers/STM32F3xx_HAL_Driver/Src/stm32f3xx_hal_gpio.c ****   *         the read and the modify access.
 410:Drivers/STM32F3xx_HAL_Driver/Src/stm32f3xx_hal_gpio.c ****   *
 411:Drivers/STM32F3xx_HAL_Driver/Src/stm32f3xx_hal_gpio.c ****   * @param  GPIOx where x can be (A..F) to select the GPIO peripheral for STM32F3 family
 412:Drivers/STM32F3xx_HAL_Driver/Src/stm32f3xx_hal_gpio.c ****   * @param  GPIO_Pin specifies the port bit to be written.
 413:Drivers/STM32F3xx_HAL_Driver/Src/stm32f3xx_hal_gpio.c ****   *         This parameter can be one of GPIO_PIN_x where x can be (0..15).
 414:Drivers/STM32F3xx_HAL_Driver/Src/stm32f3xx_hal_gpio.c ****   * @param  PinState specifies the value to be written to the selected bit.
 415:Drivers/STM32F3xx_HAL_Driver/Src/stm32f3xx_hal_gpio.c ****   *         This parameter can be one of the GPIO_PinState enum values:
 416:Drivers/STM32F3xx_HAL_Driver/Src/stm32f3xx_hal_gpio.c ****   *            @arg GPIO_PIN_RESET: to clear the port pin
 417:Drivers/STM32F3xx_HAL_Driver/Src/stm32f3xx_hal_gpio.c ****   *            @arg GPIO_PIN_SET: to set the port pin
 418:Drivers/STM32F3xx_HAL_Driver/Src/stm32f3xx_hal_gpio.c ****   * @retval None
 419:Drivers/STM32F3xx_HAL_Driver/Src/stm32f3xx_hal_gpio.c ****   */
 420:Drivers/STM32F3xx_HAL_Driver/Src/stm32f3xx_hal_gpio.c **** void HAL_GPIO_WritePin(GPIO_TypeDef* GPIOx, uint16_t GPIO_Pin, GPIO_PinState PinState)
 421:Drivers/STM32F3xx_HAL_Driver/Src/stm32f3xx_hal_gpio.c **** {
 860              		.loc 1 421 0
 861              		.cfi_startproc
 862              		@ args = 0, pretend = 0, frame = 8
 863              		@ frame_needed = 1, uses_anonymous_args = 0
 864              		@ link register save eliminated.
 865 0000 80B4     		push	{r7}
 866              	.LCFI18:
 867              		.cfi_def_cfa_offset 4
 868              		.cfi_offset 7, -4
 869 0002 83B0     		sub	sp, sp, #12
 870              	.LCFI19:
 871              		.cfi_def_cfa_offset 16
 872 0004 00AF     		add	r7, sp, #0
 873              	.LCFI20:
 874              		.cfi_def_cfa_register 7
 875 0006 7860     		str	r0, [r7, #4]
 876 0008 0B46     		mov	r3, r1
 877 000a 7B80     		strh	r3, [r7, #2]	@ movhi
 878 000c 1346     		mov	r3, r2
 879 000e 7B70     		strb	r3, [r7, #1]
 422:Drivers/STM32F3xx_HAL_Driver/Src/stm32f3xx_hal_gpio.c ****   /* Check the parameters */
 423:Drivers/STM32F3xx_HAL_Driver/Src/stm32f3xx_hal_gpio.c ****   assert_param(IS_GPIO_PIN(GPIO_Pin));
 424:Drivers/STM32F3xx_HAL_Driver/Src/stm32f3xx_hal_gpio.c ****   assert_param(IS_GPIO_PIN_ACTION(PinState));
 425:Drivers/STM32F3xx_HAL_Driver/Src/stm32f3xx_hal_gpio.c **** 
 426:Drivers/STM32F3xx_HAL_Driver/Src/stm32f3xx_hal_gpio.c ****   if(PinState != GPIO_PIN_RESET)
 880              		.loc 1 426 0
 881 0010 7B78     		ldrb	r3, [r7, #1]	@ zero_extendqisi2
 882 0012 002B     		cmp	r3, #0
 883 0014 03D0     		beq	.L55
 427:Drivers/STM32F3xx_HAL_Driver/Src/stm32f3xx_hal_gpio.c ****   {
 428:Drivers/STM32F3xx_HAL_Driver/Src/stm32f3xx_hal_gpio.c ****     GPIOx->BSRR = (uint32_t)GPIO_Pin;
 884              		.loc 1 428 0
 885 0016 7A88     		ldrh	r2, [r7, #2]
 886 0018 7B68     		ldr	r3, [r7, #4]
 887 001a 9A61     		str	r2, [r3, #24]
ARM GAS  /tmp/ccwAbgu5.s 			page 24


 429:Drivers/STM32F3xx_HAL_Driver/Src/stm32f3xx_hal_gpio.c ****   }
 430:Drivers/STM32F3xx_HAL_Driver/Src/stm32f3xx_hal_gpio.c ****   else
 431:Drivers/STM32F3xx_HAL_Driver/Src/stm32f3xx_hal_gpio.c ****   {
 432:Drivers/STM32F3xx_HAL_Driver/Src/stm32f3xx_hal_gpio.c ****     GPIOx->BRR = (uint32_t)GPIO_Pin;
 433:Drivers/STM32F3xx_HAL_Driver/Src/stm32f3xx_hal_gpio.c ****   }
 434:Drivers/STM32F3xx_HAL_Driver/Src/stm32f3xx_hal_gpio.c **** }
 888              		.loc 1 434 0
 889 001c 02E0     		b	.L57
 890              	.L55:
 432:Drivers/STM32F3xx_HAL_Driver/Src/stm32f3xx_hal_gpio.c ****   }
 891              		.loc 1 432 0
 892 001e 7A88     		ldrh	r2, [r7, #2]
 893 0020 7B68     		ldr	r3, [r7, #4]
 894 0022 9A62     		str	r2, [r3, #40]
 895              	.L57:
 896              		.loc 1 434 0
 897 0024 00BF     		nop
 898 0026 0C37     		adds	r7, r7, #12
 899              	.LCFI21:
 900              		.cfi_def_cfa_offset 4
 901 0028 BD46     		mov	sp, r7
 902              	.LCFI22:
 903              		.cfi_def_cfa_register 13
 904              		@ sp needed
 905 002a 5DF8047B 		ldr	r7, [sp], #4
 906              	.LCFI23:
 907              		.cfi_restore 7
 908              		.cfi_def_cfa_offset 0
 909 002e 7047     		bx	lr
 910              		.cfi_endproc
 911              	.LFE133:
 913              		.section	.text.HAL_GPIO_TogglePin,"ax",%progbits
 914              		.align	1
 915              		.global	HAL_GPIO_TogglePin
 916              		.syntax unified
 917              		.thumb
 918              		.thumb_func
 919              		.fpu fpv4-sp-d16
 921              	HAL_GPIO_TogglePin:
 922              	.LFB134:
 435:Drivers/STM32F3xx_HAL_Driver/Src/stm32f3xx_hal_gpio.c **** 
 436:Drivers/STM32F3xx_HAL_Driver/Src/stm32f3xx_hal_gpio.c **** /**
 437:Drivers/STM32F3xx_HAL_Driver/Src/stm32f3xx_hal_gpio.c ****   * @brief  Toggle the specified GPIO pin.
 438:Drivers/STM32F3xx_HAL_Driver/Src/stm32f3xx_hal_gpio.c ****   * @param  GPIOx where x can be (A..F) to select the GPIO peripheral for STM32F3 family
 439:Drivers/STM32F3xx_HAL_Driver/Src/stm32f3xx_hal_gpio.c ****   * @param  GPIO_Pin specifies the pin to be toggled.
 440:Drivers/STM32F3xx_HAL_Driver/Src/stm32f3xx_hal_gpio.c ****   * @retval None
 441:Drivers/STM32F3xx_HAL_Driver/Src/stm32f3xx_hal_gpio.c ****   */
 442:Drivers/STM32F3xx_HAL_Driver/Src/stm32f3xx_hal_gpio.c **** void HAL_GPIO_TogglePin(GPIO_TypeDef* GPIOx, uint16_t GPIO_Pin)
 443:Drivers/STM32F3xx_HAL_Driver/Src/stm32f3xx_hal_gpio.c **** {
 923              		.loc 1 443 0
 924              		.cfi_startproc
 925              		@ args = 0, pretend = 0, frame = 16
 926              		@ frame_needed = 1, uses_anonymous_args = 0
 927              		@ link register save eliminated.
 928 0000 80B4     		push	{r7}
 929              	.LCFI24:
 930              		.cfi_def_cfa_offset 4
ARM GAS  /tmp/ccwAbgu5.s 			page 25


 931              		.cfi_offset 7, -4
 932 0002 85B0     		sub	sp, sp, #20
 933              	.LCFI25:
 934              		.cfi_def_cfa_offset 24
 935 0004 00AF     		add	r7, sp, #0
 936              	.LCFI26:
 937              		.cfi_def_cfa_register 7
 938 0006 7860     		str	r0, [r7, #4]
 939 0008 0B46     		mov	r3, r1
 940 000a 7B80     		strh	r3, [r7, #2]	@ movhi
 444:Drivers/STM32F3xx_HAL_Driver/Src/stm32f3xx_hal_gpio.c ****   uint32_t odr;
 445:Drivers/STM32F3xx_HAL_Driver/Src/stm32f3xx_hal_gpio.c **** 
 446:Drivers/STM32F3xx_HAL_Driver/Src/stm32f3xx_hal_gpio.c ****   /* Check the parameters */
 447:Drivers/STM32F3xx_HAL_Driver/Src/stm32f3xx_hal_gpio.c ****   assert_param(IS_GPIO_PIN(GPIO_Pin));
 448:Drivers/STM32F3xx_HAL_Driver/Src/stm32f3xx_hal_gpio.c **** 
 449:Drivers/STM32F3xx_HAL_Driver/Src/stm32f3xx_hal_gpio.c ****   /* get current Ouput Data Register value */
 450:Drivers/STM32F3xx_HAL_Driver/Src/stm32f3xx_hal_gpio.c ****   odr = GPIOx->ODR;
 941              		.loc 1 450 0
 942 000c 7B68     		ldr	r3, [r7, #4]
 943 000e 5B69     		ldr	r3, [r3, #20]
 944 0010 FB60     		str	r3, [r7, #12]
 451:Drivers/STM32F3xx_HAL_Driver/Src/stm32f3xx_hal_gpio.c **** 
 452:Drivers/STM32F3xx_HAL_Driver/Src/stm32f3xx_hal_gpio.c ****   /* Set selected pins that were at low level, and reset ones that were high */
 453:Drivers/STM32F3xx_HAL_Driver/Src/stm32f3xx_hal_gpio.c ****   GPIOx->BSRR = ((odr & GPIO_Pin) << GPIO_NUMBER) | (~odr & GPIO_Pin);
 945              		.loc 1 453 0
 946 0012 7A88     		ldrh	r2, [r7, #2]
 947 0014 FB68     		ldr	r3, [r7, #12]
 948 0016 1340     		ands	r3, r3, r2
 949 0018 1A04     		lsls	r2, r3, #16
 950 001a FB68     		ldr	r3, [r7, #12]
 951 001c D943     		mvns	r1, r3
 952 001e 7B88     		ldrh	r3, [r7, #2]
 953 0020 0B40     		ands	r3, r3, r1
 954 0022 1A43     		orrs	r2, r2, r3
 955 0024 7B68     		ldr	r3, [r7, #4]
 956 0026 9A61     		str	r2, [r3, #24]
 454:Drivers/STM32F3xx_HAL_Driver/Src/stm32f3xx_hal_gpio.c **** }
 957              		.loc 1 454 0
 958 0028 00BF     		nop
 959 002a 1437     		adds	r7, r7, #20
 960              	.LCFI27:
 961              		.cfi_def_cfa_offset 4
 962 002c BD46     		mov	sp, r7
 963              	.LCFI28:
 964              		.cfi_def_cfa_register 13
 965              		@ sp needed
 966 002e 5DF8047B 		ldr	r7, [sp], #4
 967              	.LCFI29:
 968              		.cfi_restore 7
 969              		.cfi_def_cfa_offset 0
 970 0032 7047     		bx	lr
 971              		.cfi_endproc
 972              	.LFE134:
 974              		.section	.text.HAL_GPIO_LockPin,"ax",%progbits
 975              		.align	1
 976              		.global	HAL_GPIO_LockPin
 977              		.syntax unified
ARM GAS  /tmp/ccwAbgu5.s 			page 26


 978              		.thumb
 979              		.thumb_func
 980              		.fpu fpv4-sp-d16
 982              	HAL_GPIO_LockPin:
 983              	.LFB135:
 455:Drivers/STM32F3xx_HAL_Driver/Src/stm32f3xx_hal_gpio.c **** 
 456:Drivers/STM32F3xx_HAL_Driver/Src/stm32f3xx_hal_gpio.c **** /**
 457:Drivers/STM32F3xx_HAL_Driver/Src/stm32f3xx_hal_gpio.c **** * @brief  Lock GPIO Pins configuration registers.
 458:Drivers/STM32F3xx_HAL_Driver/Src/stm32f3xx_hal_gpio.c ****   * @note   The locked registers are GPIOx_MODER, GPIOx_OTYPER, GPIOx_OSPEEDR,
 459:Drivers/STM32F3xx_HAL_Driver/Src/stm32f3xx_hal_gpio.c ****   *         GPIOx_PUPDR, GPIOx_AFRL and GPIOx_AFRH.
 460:Drivers/STM32F3xx_HAL_Driver/Src/stm32f3xx_hal_gpio.c ****   * @note   The configuration of the locked GPIO pins can no longer be modified
 461:Drivers/STM32F3xx_HAL_Driver/Src/stm32f3xx_hal_gpio.c ****   *         until the next reset.
 462:Drivers/STM32F3xx_HAL_Driver/Src/stm32f3xx_hal_gpio.c ****   * @param  GPIOx where x can be (A..F) to select the GPIO peripheral for STM32F3 family
 463:Drivers/STM32F3xx_HAL_Driver/Src/stm32f3xx_hal_gpio.c ****   * @param  GPIO_Pin specifies the port bits to be locked.
 464:Drivers/STM32F3xx_HAL_Driver/Src/stm32f3xx_hal_gpio.c ****   *         This parameter can be any combination of GPIO_Pin_x where x can be (0..15).
 465:Drivers/STM32F3xx_HAL_Driver/Src/stm32f3xx_hal_gpio.c ****   * @retval None
 466:Drivers/STM32F3xx_HAL_Driver/Src/stm32f3xx_hal_gpio.c ****   */
 467:Drivers/STM32F3xx_HAL_Driver/Src/stm32f3xx_hal_gpio.c **** HAL_StatusTypeDef HAL_GPIO_LockPin(GPIO_TypeDef* GPIOx, uint16_t GPIO_Pin)
 468:Drivers/STM32F3xx_HAL_Driver/Src/stm32f3xx_hal_gpio.c **** {
 984              		.loc 1 468 0
 985              		.cfi_startproc
 986              		@ args = 0, pretend = 0, frame = 16
 987              		@ frame_needed = 1, uses_anonymous_args = 0
 988              		@ link register save eliminated.
 989 0000 80B4     		push	{r7}
 990              	.LCFI30:
 991              		.cfi_def_cfa_offset 4
 992              		.cfi_offset 7, -4
 993 0002 85B0     		sub	sp, sp, #20
 994              	.LCFI31:
 995              		.cfi_def_cfa_offset 24
 996 0004 00AF     		add	r7, sp, #0
 997              	.LCFI32:
 998              		.cfi_def_cfa_register 7
 999 0006 7860     		str	r0, [r7, #4]
 1000 0008 0B46     		mov	r3, r1
 1001 000a 7B80     		strh	r3, [r7, #2]	@ movhi
 469:Drivers/STM32F3xx_HAL_Driver/Src/stm32f3xx_hal_gpio.c ****   __IO uint32_t tmp = GPIO_LCKR_LCKK;
 1002              		.loc 1 469 0
 1003 000c 4FF48033 		mov	r3, #65536
 1004 0010 FB60     		str	r3, [r7, #12]
 470:Drivers/STM32F3xx_HAL_Driver/Src/stm32f3xx_hal_gpio.c **** 
 471:Drivers/STM32F3xx_HAL_Driver/Src/stm32f3xx_hal_gpio.c ****   /* Check the parameters */
 472:Drivers/STM32F3xx_HAL_Driver/Src/stm32f3xx_hal_gpio.c ****   assert_param(IS_GPIO_LOCK_INSTANCE(GPIOx));
 473:Drivers/STM32F3xx_HAL_Driver/Src/stm32f3xx_hal_gpio.c ****   assert_param(IS_GPIO_PIN(GPIO_Pin));
 474:Drivers/STM32F3xx_HAL_Driver/Src/stm32f3xx_hal_gpio.c **** 
 475:Drivers/STM32F3xx_HAL_Driver/Src/stm32f3xx_hal_gpio.c ****   /* Apply lock key write sequence */
 476:Drivers/STM32F3xx_HAL_Driver/Src/stm32f3xx_hal_gpio.c ****   tmp |= GPIO_Pin;
 1005              		.loc 1 476 0
 1006 0012 7A88     		ldrh	r2, [r7, #2]
 1007 0014 FB68     		ldr	r3, [r7, #12]
 1008 0016 1343     		orrs	r3, r3, r2
 1009 0018 FB60     		str	r3, [r7, #12]
 477:Drivers/STM32F3xx_HAL_Driver/Src/stm32f3xx_hal_gpio.c ****   /* Set LCKx bit(s): LCKK='1' + LCK[15U-0] */
 478:Drivers/STM32F3xx_HAL_Driver/Src/stm32f3xx_hal_gpio.c ****   GPIOx->LCKR = tmp;
 1010              		.loc 1 478 0
 1011 001a FA68     		ldr	r2, [r7, #12]
ARM GAS  /tmp/ccwAbgu5.s 			page 27


 1012 001c 7B68     		ldr	r3, [r7, #4]
 1013 001e DA61     		str	r2, [r3, #28]
 479:Drivers/STM32F3xx_HAL_Driver/Src/stm32f3xx_hal_gpio.c ****   /* Reset LCKx bit(s): LCKK='0' + LCK[15U-0] */
 480:Drivers/STM32F3xx_HAL_Driver/Src/stm32f3xx_hal_gpio.c ****   GPIOx->LCKR = GPIO_Pin;
 1014              		.loc 1 480 0
 1015 0020 7A88     		ldrh	r2, [r7, #2]
 1016 0022 7B68     		ldr	r3, [r7, #4]
 1017 0024 DA61     		str	r2, [r3, #28]
 481:Drivers/STM32F3xx_HAL_Driver/Src/stm32f3xx_hal_gpio.c ****   /* Set LCKx bit(s): LCKK='1' + LCK[15U-0] */
 482:Drivers/STM32F3xx_HAL_Driver/Src/stm32f3xx_hal_gpio.c ****   GPIOx->LCKR = tmp;
 1018              		.loc 1 482 0
 1019 0026 FA68     		ldr	r2, [r7, #12]
 1020 0028 7B68     		ldr	r3, [r7, #4]
 1021 002a DA61     		str	r2, [r3, #28]
 483:Drivers/STM32F3xx_HAL_Driver/Src/stm32f3xx_hal_gpio.c ****   /* Read LCKK register. This read is mandatory to complete key lock sequence */
 484:Drivers/STM32F3xx_HAL_Driver/Src/stm32f3xx_hal_gpio.c ****   tmp = GPIOx->LCKR;
 1022              		.loc 1 484 0
 1023 002c 7B68     		ldr	r3, [r7, #4]
 1024 002e DB69     		ldr	r3, [r3, #28]
 1025 0030 FB60     		str	r3, [r7, #12]
 485:Drivers/STM32F3xx_HAL_Driver/Src/stm32f3xx_hal_gpio.c **** 
 486:Drivers/STM32F3xx_HAL_Driver/Src/stm32f3xx_hal_gpio.c ****   /* read again in order to confirm lock is active */
 487:Drivers/STM32F3xx_HAL_Driver/Src/stm32f3xx_hal_gpio.c ****  if((GPIOx->LCKR & GPIO_LCKR_LCKK) != 0x00u)
 1026              		.loc 1 487 0
 1027 0032 7B68     		ldr	r3, [r7, #4]
 1028 0034 DB69     		ldr	r3, [r3, #28]
 1029 0036 03F48033 		and	r3, r3, #65536
 1030 003a 002B     		cmp	r3, #0
 1031 003c 01D0     		beq	.L60
 488:Drivers/STM32F3xx_HAL_Driver/Src/stm32f3xx_hal_gpio.c ****   {
 489:Drivers/STM32F3xx_HAL_Driver/Src/stm32f3xx_hal_gpio.c ****     return HAL_OK;
 1032              		.loc 1 489 0
 1033 003e 0023     		movs	r3, #0
 1034 0040 00E0     		b	.L61
 1035              	.L60:
 490:Drivers/STM32F3xx_HAL_Driver/Src/stm32f3xx_hal_gpio.c ****   }
 491:Drivers/STM32F3xx_HAL_Driver/Src/stm32f3xx_hal_gpio.c ****   else
 492:Drivers/STM32F3xx_HAL_Driver/Src/stm32f3xx_hal_gpio.c ****   {
 493:Drivers/STM32F3xx_HAL_Driver/Src/stm32f3xx_hal_gpio.c ****     return HAL_ERROR;
 1036              		.loc 1 493 0
 1037 0042 0123     		movs	r3, #1
 1038              	.L61:
 494:Drivers/STM32F3xx_HAL_Driver/Src/stm32f3xx_hal_gpio.c ****   }
 495:Drivers/STM32F3xx_HAL_Driver/Src/stm32f3xx_hal_gpio.c **** }
 1039              		.loc 1 495 0
 1040 0044 1846     		mov	r0, r3
 1041 0046 1437     		adds	r7, r7, #20
 1042              	.LCFI33:
 1043              		.cfi_def_cfa_offset 4
 1044 0048 BD46     		mov	sp, r7
 1045              	.LCFI34:
 1046              		.cfi_def_cfa_register 13
 1047              		@ sp needed
 1048 004a 5DF8047B 		ldr	r7, [sp], #4
 1049              	.LCFI35:
 1050              		.cfi_restore 7
 1051              		.cfi_def_cfa_offset 0
ARM GAS  /tmp/ccwAbgu5.s 			page 28


 1052 004e 7047     		bx	lr
 1053              		.cfi_endproc
 1054              	.LFE135:
 1056              		.section	.text.HAL_GPIO_EXTI_IRQHandler,"ax",%progbits
 1057              		.align	1
 1058              		.global	HAL_GPIO_EXTI_IRQHandler
 1059              		.syntax unified
 1060              		.thumb
 1061              		.thumb_func
 1062              		.fpu fpv4-sp-d16
 1064              	HAL_GPIO_EXTI_IRQHandler:
 1065              	.LFB136:
 496:Drivers/STM32F3xx_HAL_Driver/Src/stm32f3xx_hal_gpio.c **** 
 497:Drivers/STM32F3xx_HAL_Driver/Src/stm32f3xx_hal_gpio.c **** /**
 498:Drivers/STM32F3xx_HAL_Driver/Src/stm32f3xx_hal_gpio.c ****   * @brief  Handle EXTI interrupt request.
 499:Drivers/STM32F3xx_HAL_Driver/Src/stm32f3xx_hal_gpio.c ****   * @param  GPIO_Pin Specifies the port pin connected to corresponding EXTI line.
 500:Drivers/STM32F3xx_HAL_Driver/Src/stm32f3xx_hal_gpio.c ****   * @retval None
 501:Drivers/STM32F3xx_HAL_Driver/Src/stm32f3xx_hal_gpio.c ****   */
 502:Drivers/STM32F3xx_HAL_Driver/Src/stm32f3xx_hal_gpio.c **** void HAL_GPIO_EXTI_IRQHandler(uint16_t GPIO_Pin)
 503:Drivers/STM32F3xx_HAL_Driver/Src/stm32f3xx_hal_gpio.c **** {
 1066              		.loc 1 503 0
 1067              		.cfi_startproc
 1068              		@ args = 0, pretend = 0, frame = 8
 1069              		@ frame_needed = 1, uses_anonymous_args = 0
 1070 0000 80B5     		push	{r7, lr}
 1071              	.LCFI36:
 1072              		.cfi_def_cfa_offset 8
 1073              		.cfi_offset 7, -8
 1074              		.cfi_offset 14, -4
 1075 0002 82B0     		sub	sp, sp, #8
 1076              	.LCFI37:
 1077              		.cfi_def_cfa_offset 16
 1078 0004 00AF     		add	r7, sp, #0
 1079              	.LCFI38:
 1080              		.cfi_def_cfa_register 7
 1081 0006 0346     		mov	r3, r0
 1082 0008 FB80     		strh	r3, [r7, #6]	@ movhi
 504:Drivers/STM32F3xx_HAL_Driver/Src/stm32f3xx_hal_gpio.c ****   /* EXTI line interrupt detected */
 505:Drivers/STM32F3xx_HAL_Driver/Src/stm32f3xx_hal_gpio.c ****   if(__HAL_GPIO_EXTI_GET_IT(GPIO_Pin) != 0x00u)
 1083              		.loc 1 505 0
 1084 000a 084B     		ldr	r3, .L65
 1085 000c 5A69     		ldr	r2, [r3, #20]
 1086 000e FB88     		ldrh	r3, [r7, #6]
 1087 0010 1340     		ands	r3, r3, r2
 1088 0012 002B     		cmp	r3, #0
 1089 0014 06D0     		beq	.L64
 506:Drivers/STM32F3xx_HAL_Driver/Src/stm32f3xx_hal_gpio.c ****   {
 507:Drivers/STM32F3xx_HAL_Driver/Src/stm32f3xx_hal_gpio.c ****     __HAL_GPIO_EXTI_CLEAR_IT(GPIO_Pin);
 1090              		.loc 1 507 0
 1091 0016 054A     		ldr	r2, .L65
 1092 0018 FB88     		ldrh	r3, [r7, #6]
 1093 001a 5361     		str	r3, [r2, #20]
 508:Drivers/STM32F3xx_HAL_Driver/Src/stm32f3xx_hal_gpio.c ****     HAL_GPIO_EXTI_Callback(GPIO_Pin);
 1094              		.loc 1 508 0
 1095 001c FB88     		ldrh	r3, [r7, #6]
 1096 001e 1846     		mov	r0, r3
 1097 0020 FFF7FEFF 		bl	HAL_GPIO_EXTI_Callback
ARM GAS  /tmp/ccwAbgu5.s 			page 29


 1098              	.L64:
 509:Drivers/STM32F3xx_HAL_Driver/Src/stm32f3xx_hal_gpio.c ****   }
 510:Drivers/STM32F3xx_HAL_Driver/Src/stm32f3xx_hal_gpio.c **** }
 1099              		.loc 1 510 0
 1100 0024 00BF     		nop
 1101 0026 0837     		adds	r7, r7, #8
 1102              	.LCFI39:
 1103              		.cfi_def_cfa_offset 8
 1104 0028 BD46     		mov	sp, r7
 1105              	.LCFI40:
 1106              		.cfi_def_cfa_register 13
 1107              		@ sp needed
 1108 002a 80BD     		pop	{r7, pc}
 1109              	.L66:
 1110              		.align	2
 1111              	.L65:
 1112 002c 00040140 		.word	1073808384
 1113              		.cfi_endproc
 1114              	.LFE136:
 1116              		.section	.text.HAL_GPIO_EXTI_Callback,"ax",%progbits
 1117              		.align	1
 1118              		.weak	HAL_GPIO_EXTI_Callback
 1119              		.syntax unified
 1120              		.thumb
 1121              		.thumb_func
 1122              		.fpu fpv4-sp-d16
 1124              	HAL_GPIO_EXTI_Callback:
 1125              	.LFB137:
 511:Drivers/STM32F3xx_HAL_Driver/Src/stm32f3xx_hal_gpio.c **** 
 512:Drivers/STM32F3xx_HAL_Driver/Src/stm32f3xx_hal_gpio.c **** /**
 513:Drivers/STM32F3xx_HAL_Driver/Src/stm32f3xx_hal_gpio.c ****   * @brief  EXTI line detection callback.
 514:Drivers/STM32F3xx_HAL_Driver/Src/stm32f3xx_hal_gpio.c ****   * @param  GPIO_Pin Specifies the port pin connected to corresponding EXTI line.
 515:Drivers/STM32F3xx_HAL_Driver/Src/stm32f3xx_hal_gpio.c ****   * @retval None
 516:Drivers/STM32F3xx_HAL_Driver/Src/stm32f3xx_hal_gpio.c ****   */
 517:Drivers/STM32F3xx_HAL_Driver/Src/stm32f3xx_hal_gpio.c **** __weak void HAL_GPIO_EXTI_Callback(uint16_t GPIO_Pin)
 518:Drivers/STM32F3xx_HAL_Driver/Src/stm32f3xx_hal_gpio.c **** {
 1126              		.loc 1 518 0
 1127              		.cfi_startproc
 1128              		@ args = 0, pretend = 0, frame = 8
 1129              		@ frame_needed = 1, uses_anonymous_args = 0
 1130              		@ link register save eliminated.
 1131 0000 80B4     		push	{r7}
 1132              	.LCFI41:
 1133              		.cfi_def_cfa_offset 4
 1134              		.cfi_offset 7, -4
 1135 0002 83B0     		sub	sp, sp, #12
 1136              	.LCFI42:
 1137              		.cfi_def_cfa_offset 16
 1138 0004 00AF     		add	r7, sp, #0
 1139              	.LCFI43:
 1140              		.cfi_def_cfa_register 7
 1141 0006 0346     		mov	r3, r0
 1142 0008 FB80     		strh	r3, [r7, #6]	@ movhi
 519:Drivers/STM32F3xx_HAL_Driver/Src/stm32f3xx_hal_gpio.c ****   /* Prevent unused argument(s) compilation warning */
 520:Drivers/STM32F3xx_HAL_Driver/Src/stm32f3xx_hal_gpio.c ****   UNUSED(GPIO_Pin);
 521:Drivers/STM32F3xx_HAL_Driver/Src/stm32f3xx_hal_gpio.c **** 
 522:Drivers/STM32F3xx_HAL_Driver/Src/stm32f3xx_hal_gpio.c ****   /* NOTE: This function should not be modified, when the callback is needed,
ARM GAS  /tmp/ccwAbgu5.s 			page 30


 523:Drivers/STM32F3xx_HAL_Driver/Src/stm32f3xx_hal_gpio.c ****            the HAL_GPIO_EXTI_Callback could be implemented in the user file
 524:Drivers/STM32F3xx_HAL_Driver/Src/stm32f3xx_hal_gpio.c ****    */
 525:Drivers/STM32F3xx_HAL_Driver/Src/stm32f3xx_hal_gpio.c **** }
 1143              		.loc 1 525 0
 1144 000a 00BF     		nop
 1145 000c 0C37     		adds	r7, r7, #12
 1146              	.LCFI44:
 1147              		.cfi_def_cfa_offset 4
 1148 000e BD46     		mov	sp, r7
 1149              	.LCFI45:
 1150              		.cfi_def_cfa_register 13
 1151              		@ sp needed
 1152 0010 5DF8047B 		ldr	r7, [sp], #4
 1153              	.LCFI46:
 1154              		.cfi_restore 7
 1155              		.cfi_def_cfa_offset 0
 1156 0014 7047     		bx	lr
 1157              		.cfi_endproc
 1158              	.LFE137:
 1160              		.text
 1161              	.Letext0:
 1162              		.file 2 "/home/ubuntu/gcc-arm-none-eabi-7-2017-q4-major/arm-none-eabi/include/machine/_default_typ
 1163              		.file 3 "/home/ubuntu/gcc-arm-none-eabi-7-2017-q4-major/arm-none-eabi/include/sys/_stdint.h"
 1164              		.file 4 "Drivers/CMSIS/Include/core_cm4.h"
 1165              		.file 5 "Drivers/CMSIS/Device/ST/STM32F3xx/Include/system_stm32f3xx.h"
 1166              		.file 6 "Drivers/CMSIS/Device/ST/STM32F3xx/Include/stm32f303xe.h"
 1167              		.file 7 "Drivers/STM32F3xx_HAL_Driver/Inc/stm32f3xx_hal_def.h"
 1168              		.file 8 "Drivers/STM32F3xx_HAL_Driver/Inc/stm32f3xx_hal_gpio.h"
 1169              		.file 9 "Drivers/STM32F3xx_HAL_Driver/Inc/stm32f3xx_hal.h"
ARM GAS  /tmp/ccwAbgu5.s 			page 31


DEFINED SYMBOLS
                            *ABS*:0000000000000000 stm32f3xx_hal_gpio.c
     /tmp/ccwAbgu5.s:18     .text.HAL_GPIO_Init:0000000000000000 $t
     /tmp/ccwAbgu5.s:25     .text.HAL_GPIO_Init:0000000000000000 HAL_GPIO_Init
     /tmp/ccwAbgu5.s:487    .text.HAL_GPIO_Init:00000000000002f0 $d
     /tmp/ccwAbgu5.s:500    .text.HAL_GPIO_DeInit:0000000000000000 $t
     /tmp/ccwAbgu5.s:507    .text.HAL_GPIO_DeInit:0000000000000000 HAL_GPIO_DeInit
     /tmp/ccwAbgu5.s:776    .text.HAL_GPIO_DeInit:00000000000001b4 $d
     /tmp/ccwAbgu5.s:788    .text.HAL_GPIO_ReadPin:0000000000000000 $t
     /tmp/ccwAbgu5.s:795    .text.HAL_GPIO_ReadPin:0000000000000000 HAL_GPIO_ReadPin
     /tmp/ccwAbgu5.s:851    .text.HAL_GPIO_WritePin:0000000000000000 $t
     /tmp/ccwAbgu5.s:858    .text.HAL_GPIO_WritePin:0000000000000000 HAL_GPIO_WritePin
     /tmp/ccwAbgu5.s:914    .text.HAL_GPIO_TogglePin:0000000000000000 $t
     /tmp/ccwAbgu5.s:921    .text.HAL_GPIO_TogglePin:0000000000000000 HAL_GPIO_TogglePin
     /tmp/ccwAbgu5.s:975    .text.HAL_GPIO_LockPin:0000000000000000 $t
     /tmp/ccwAbgu5.s:982    .text.HAL_GPIO_LockPin:0000000000000000 HAL_GPIO_LockPin
     /tmp/ccwAbgu5.s:1057   .text.HAL_GPIO_EXTI_IRQHandler:0000000000000000 $t
     /tmp/ccwAbgu5.s:1064   .text.HAL_GPIO_EXTI_IRQHandler:0000000000000000 HAL_GPIO_EXTI_IRQHandler
     /tmp/ccwAbgu5.s:1124   .text.HAL_GPIO_EXTI_Callback:0000000000000000 HAL_GPIO_EXTI_Callback
     /tmp/ccwAbgu5.s:1112   .text.HAL_GPIO_EXTI_IRQHandler:000000000000002c $d
     /tmp/ccwAbgu5.s:1117   .text.HAL_GPIO_EXTI_Callback:0000000000000000 $t

NO UNDEFINED SYMBOLS
