ARM GAS  /tmp/ccwo84iy.s 			page 1


   1              		.cpu cortex-m4
   2              		.eabi_attribute 27, 1
   3              		.eabi_attribute 28, 1
   4              		.eabi_attribute 20, 1
   5              		.eabi_attribute 21, 1
   6              		.eabi_attribute 23, 3
   7              		.eabi_attribute 24, 1
   8              		.eabi_attribute 25, 1
   9              		.eabi_attribute 26, 1
  10              		.eabi_attribute 30, 6
  11              		.eabi_attribute 34, 1
  12              		.eabi_attribute 18, 4
  13              		.file	"stm32f3xx_hal_msp.c"
  14              		.text
  15              	.Ltext0:
  16              		.cfi_sections	.debug_frame
  17              		.section	.text.HAL_MspInit,"ax",%progbits
  18              		.align	1
  19              		.global	HAL_MspInit
  20              		.syntax unified
  21              		.thumb
  22              		.thumb_func
  23              		.fpu fpv4-sp-d16
  25              	HAL_MspInit:
  26              	.LFB130:
  27              		.file 1 "Src/stm32f3xx_hal_msp.c"
   1:Src/stm32f3xx_hal_msp.c **** /* USER CODE BEGIN Header */
   2:Src/stm32f3xx_hal_msp.c **** /**
   3:Src/stm32f3xx_hal_msp.c ****   ******************************************************************************
   4:Src/stm32f3xx_hal_msp.c ****   * @file         stm32f3xx_hal_msp.c
   5:Src/stm32f3xx_hal_msp.c ****   * @brief        This file provides code for the MSP Initialization
   6:Src/stm32f3xx_hal_msp.c ****   *               and de-Initialization codes.
   7:Src/stm32f3xx_hal_msp.c ****   ******************************************************************************
   8:Src/stm32f3xx_hal_msp.c ****   * @attention
   9:Src/stm32f3xx_hal_msp.c ****   *
  10:Src/stm32f3xx_hal_msp.c ****   * <h2><center>&copy; Copyright (c) 2021 STMicroelectronics.
  11:Src/stm32f3xx_hal_msp.c ****   * All rights reserved.</center></h2>
  12:Src/stm32f3xx_hal_msp.c ****   *
  13:Src/stm32f3xx_hal_msp.c ****   * This software component is licensed by ST under BSD 3-Clause license,
  14:Src/stm32f3xx_hal_msp.c ****   * the "License"; You may not use this file except in compliance with the
  15:Src/stm32f3xx_hal_msp.c ****   * License. You may obtain a copy of the License at:
  16:Src/stm32f3xx_hal_msp.c ****   *                        opensource.org/licenses/BSD-3-Clause
  17:Src/stm32f3xx_hal_msp.c ****   *
  18:Src/stm32f3xx_hal_msp.c ****   ******************************************************************************
  19:Src/stm32f3xx_hal_msp.c ****   */
  20:Src/stm32f3xx_hal_msp.c **** /* USER CODE END Header */
  21:Src/stm32f3xx_hal_msp.c **** 
  22:Src/stm32f3xx_hal_msp.c **** /* Includes ------------------------------------------------------------------*/
  23:Src/stm32f3xx_hal_msp.c **** #include "main.h"
  24:Src/stm32f3xx_hal_msp.c **** /* USER CODE BEGIN Includes */
  25:Src/stm32f3xx_hal_msp.c **** 
  26:Src/stm32f3xx_hal_msp.c **** /* USER CODE END Includes */
  27:Src/stm32f3xx_hal_msp.c **** 
  28:Src/stm32f3xx_hal_msp.c **** /* Private typedef -----------------------------------------------------------*/
  29:Src/stm32f3xx_hal_msp.c **** /* USER CODE BEGIN TD */
  30:Src/stm32f3xx_hal_msp.c **** 
  31:Src/stm32f3xx_hal_msp.c **** /* USER CODE END TD */
ARM GAS  /tmp/ccwo84iy.s 			page 2


  32:Src/stm32f3xx_hal_msp.c **** 
  33:Src/stm32f3xx_hal_msp.c **** /* Private define ------------------------------------------------------------*/
  34:Src/stm32f3xx_hal_msp.c **** /* USER CODE BEGIN Define */
  35:Src/stm32f3xx_hal_msp.c **** 
  36:Src/stm32f3xx_hal_msp.c **** /* USER CODE END Define */
  37:Src/stm32f3xx_hal_msp.c **** 
  38:Src/stm32f3xx_hal_msp.c **** /* Private macro -------------------------------------------------------------*/
  39:Src/stm32f3xx_hal_msp.c **** /* USER CODE BEGIN Macro */
  40:Src/stm32f3xx_hal_msp.c **** 
  41:Src/stm32f3xx_hal_msp.c **** /* USER CODE END Macro */
  42:Src/stm32f3xx_hal_msp.c **** 
  43:Src/stm32f3xx_hal_msp.c **** /* Private variables ---------------------------------------------------------*/
  44:Src/stm32f3xx_hal_msp.c **** /* USER CODE BEGIN PV */
  45:Src/stm32f3xx_hal_msp.c **** 
  46:Src/stm32f3xx_hal_msp.c **** /* USER CODE END PV */
  47:Src/stm32f3xx_hal_msp.c **** 
  48:Src/stm32f3xx_hal_msp.c **** /* Private function prototypes -----------------------------------------------*/
  49:Src/stm32f3xx_hal_msp.c **** /* USER CODE BEGIN PFP */
  50:Src/stm32f3xx_hal_msp.c **** 
  51:Src/stm32f3xx_hal_msp.c **** /* USER CODE END PFP */
  52:Src/stm32f3xx_hal_msp.c **** 
  53:Src/stm32f3xx_hal_msp.c **** /* External functions --------------------------------------------------------*/
  54:Src/stm32f3xx_hal_msp.c **** /* USER CODE BEGIN ExternalFunctions */
  55:Src/stm32f3xx_hal_msp.c **** 
  56:Src/stm32f3xx_hal_msp.c **** /* USER CODE END ExternalFunctions */
  57:Src/stm32f3xx_hal_msp.c **** 
  58:Src/stm32f3xx_hal_msp.c **** /* USER CODE BEGIN 0 */
  59:Src/stm32f3xx_hal_msp.c **** 
  60:Src/stm32f3xx_hal_msp.c **** /* USER CODE END 0 */
  61:Src/stm32f3xx_hal_msp.c **** /**
  62:Src/stm32f3xx_hal_msp.c ****   * Initializes the Global MSP.
  63:Src/stm32f3xx_hal_msp.c ****   */
  64:Src/stm32f3xx_hal_msp.c **** void HAL_MspInit(void)
  65:Src/stm32f3xx_hal_msp.c **** {
  28              		.loc 1 65 0
  29              		.cfi_startproc
  30              		@ args = 0, pretend = 0, frame = 8
  31              		@ frame_needed = 1, uses_anonymous_args = 0
  32              		@ link register save eliminated.
  33 0000 80B4     		push	{r7}
  34              	.LCFI0:
  35              		.cfi_def_cfa_offset 4
  36              		.cfi_offset 7, -4
  37 0002 83B0     		sub	sp, sp, #12
  38              	.LCFI1:
  39              		.cfi_def_cfa_offset 16
  40 0004 00AF     		add	r7, sp, #0
  41              	.LCFI2:
  42              		.cfi_def_cfa_register 7
  43              	.LBB2:
  66:Src/stm32f3xx_hal_msp.c ****   /* USER CODE BEGIN MspInit 0 */
  67:Src/stm32f3xx_hal_msp.c **** 
  68:Src/stm32f3xx_hal_msp.c ****   /* USER CODE END MspInit 0 */
  69:Src/stm32f3xx_hal_msp.c **** 
  70:Src/stm32f3xx_hal_msp.c ****   __HAL_RCC_SYSCFG_CLK_ENABLE();
  44              		.loc 1 70 0
  45 0006 0F4B     		ldr	r3, .L2
ARM GAS  /tmp/ccwo84iy.s 			page 3


  46 0008 9B69     		ldr	r3, [r3, #24]
  47 000a 0E4A     		ldr	r2, .L2
  48 000c 43F00103 		orr	r3, r3, #1
  49 0010 9361     		str	r3, [r2, #24]
  50 0012 0C4B     		ldr	r3, .L2
  51 0014 9B69     		ldr	r3, [r3, #24]
  52 0016 03F00103 		and	r3, r3, #1
  53 001a 7B60     		str	r3, [r7, #4]
  54 001c 7B68     		ldr	r3, [r7, #4]
  55              	.LBE2:
  56              	.LBB3:
  71:Src/stm32f3xx_hal_msp.c ****   __HAL_RCC_PWR_CLK_ENABLE();
  57              		.loc 1 71 0
  58 001e 094B     		ldr	r3, .L2
  59 0020 DB69     		ldr	r3, [r3, #28]
  60 0022 084A     		ldr	r2, .L2
  61 0024 43F08053 		orr	r3, r3, #268435456
  62 0028 D361     		str	r3, [r2, #28]
  63 002a 064B     		ldr	r3, .L2
  64 002c DB69     		ldr	r3, [r3, #28]
  65 002e 03F08053 		and	r3, r3, #268435456
  66 0032 3B60     		str	r3, [r7]
  67 0034 3B68     		ldr	r3, [r7]
  68              	.LBE3:
  72:Src/stm32f3xx_hal_msp.c **** 
  73:Src/stm32f3xx_hal_msp.c ****   /* System interrupt init*/
  74:Src/stm32f3xx_hal_msp.c **** 
  75:Src/stm32f3xx_hal_msp.c ****   /* USER CODE BEGIN MspInit 1 */
  76:Src/stm32f3xx_hal_msp.c **** 
  77:Src/stm32f3xx_hal_msp.c ****   /* USER CODE END MspInit 1 */
  78:Src/stm32f3xx_hal_msp.c **** }
  69              		.loc 1 78 0
  70 0036 00BF     		nop
  71 0038 0C37     		adds	r7, r7, #12
  72              	.LCFI3:
  73              		.cfi_def_cfa_offset 4
  74 003a BD46     		mov	sp, r7
  75              	.LCFI4:
  76              		.cfi_def_cfa_register 13
  77              		@ sp needed
  78 003c 5DF8047B 		ldr	r7, [sp], #4
  79              	.LCFI5:
  80              		.cfi_restore 7
  81              		.cfi_def_cfa_offset 0
  82 0040 7047     		bx	lr
  83              	.L3:
  84 0042 00BF     		.align	2
  85              	.L2:
  86 0044 00100240 		.word	1073876992
  87              		.cfi_endproc
  88              	.LFE130:
  90              		.text
  91              	.Letext0:
  92              		.file 2 "/home/ubuntu/gcc-arm-none-eabi-7-2017-q4-major/arm-none-eabi/include/machine/_default_typ
  93              		.file 3 "/home/ubuntu/gcc-arm-none-eabi-7-2017-q4-major/arm-none-eabi/include/sys/_stdint.h"
  94              		.file 4 "Drivers/CMSIS/Include/core_cm4.h"
  95              		.file 5 "Drivers/CMSIS/Device/ST/STM32F3xx/Include/system_stm32f3xx.h"
ARM GAS  /tmp/ccwo84iy.s 			page 4


  96              		.file 6 "Drivers/CMSIS/Device/ST/STM32F3xx/Include/stm32f303xe.h"
  97              		.file 7 "Drivers/STM32F3xx_HAL_Driver/Inc/stm32f3xx_hal.h"
ARM GAS  /tmp/ccwo84iy.s 			page 5


DEFINED SYMBOLS
                            *ABS*:0000000000000000 stm32f3xx_hal_msp.c
     /tmp/ccwo84iy.s:18     .text.HAL_MspInit:0000000000000000 $t
     /tmp/ccwo84iy.s:25     .text.HAL_MspInit:0000000000000000 HAL_MspInit
     /tmp/ccwo84iy.s:86     .text.HAL_MspInit:0000000000000044 $d

NO UNDEFINED SYMBOLS
